{
  "C:\\Users\\Petrus\\Documents\\AccountabilityHack\\Full-Stack-Project---Accountability-Hack\\mern_stack\\frontend\\src\\context\\AuthContext.js": {
    "path": "C:\\Users\\Petrus\\Documents\\AccountabilityHack\\Full-Stack-Project---Accountability-Hack\\mern_stack\\frontend\\src\\context\\AuthContext.js",
    "statementMap": {
      "0": {
        "start": {
          "line": 4,
          "column": 27
        },
        "end": {
          "line": 13,
          "column": 1
        }
      },
      "1": {
        "start": {
          "line": 5,
          "column": 4
        },
        "end": {
          "line": 12,
          "column": 5
        }
      },
      "2": {
        "start": {
          "line": 7,
          "column": 12
        },
        "end": {
          "line": 7,
          "column": 41
        }
      },
      "3": {
        "start": {
          "line": 9,
          "column": 12
        },
        "end": {
          "line": 9,
          "column": 30
        }
      },
      "4": {
        "start": {
          "line": 11,
          "column": 12
        },
        "end": {
          "line": 11,
          "column": 24
        }
      },
      "5": {
        "start": {
          "line": 15,
          "column": 27
        },
        "end": {
          "line": 15,
          "column": 42
        }
      },
      "6": {
        "start": {
          "line": 16,
          "column": 35
        },
        "end": {
          "line": 35,
          "column": 1
        }
      },
      "7": {
        "start": {
          "line": 17,
          "column": 30
        },
        "end": {
          "line": 19,
          "column": 6
        }
      },
      "8": {
        "start": {
          "line": 21,
          "column": 4
        },
        "end": {
          "line": 27,
          "column": 10
        }
      },
      "9": {
        "start": {
          "line": 22,
          "column": 21
        },
        "end": {
          "line": 22,
          "column": 61
        }
      },
      "10": {
        "start": {
          "line": 24,
          "column": 8
        },
        "end": {
          "line": 26,
          "column": 9
        }
      },
      "11": {
        "start": {
          "line": 25,
          "column": 12
        },
        "end": {
          "line": 25,
          "column": 52
        }
      },
      "12": {
        "start": {
          "line": 28,
          "column": 4
        },
        "end": {
          "line": 28,
          "column": 45
        }
      },
      "13": {
        "start": {
          "line": 30,
          "column": 4
        },
        "end": {
          "line": 34,
          "column": 5
        }
      }
    },
    "fnMap": {
      "0": {
        "name": "(anonymous_0)",
        "decl": {
          "start": {
            "line": 4,
            "column": 27
          },
          "end": {
            "line": 4,
            "column": 28
          }
        },
        "loc": {
          "start": {
            "line": 4,
            "column": 46
          },
          "end": {
            "line": 13,
            "column": 1
          }
        },
        "line": 4
      },
      "1": {
        "name": "(anonymous_1)",
        "decl": {
          "start": {
            "line": 16,
            "column": 35
          },
          "end": {
            "line": 16,
            "column": 36
          }
        },
        "loc": {
          "start": {
            "line": 16,
            "column": 51
          },
          "end": {
            "line": 35,
            "column": 1
          }
        },
        "line": 16
      },
      "2": {
        "name": "(anonymous_2)",
        "decl": {
          "start": {
            "line": 21,
            "column": 14
          },
          "end": {
            "line": 21,
            "column": 15
          }
        },
        "loc": {
          "start": {
            "line": 21,
            "column": 20
          },
          "end": {
            "line": 27,
            "column": 5
          }
        },
        "line": 21
      }
    },
    "branchMap": {
      "0": {
        "loc": {
          "start": {
            "line": 5,
            "column": 4
          },
          "end": {
            "line": 12,
            "column": 5
          }
        },
        "type": "switch",
        "locations": [
          {
            "start": {
              "line": 6,
              "column": 8
            },
            "end": {
              "line": 7,
              "column": 41
            }
          },
          {
            "start": {
              "line": 8,
              "column": 8
            },
            "end": {
              "line": 9,
              "column": 30
            }
          },
          {
            "start": {
              "line": 10,
              "column": 8
            },
            "end": {
              "line": 11,
              "column": 24
            }
          }
        ],
        "line": 5
      },
      "1": {
        "loc": {
          "start": {
            "line": 24,
            "column": 8
          },
          "end": {
            "line": 26,
            "column": 9
          }
        },
        "type": "if",
        "locations": [
          {
            "start": {
              "line": 24,
              "column": 8
            },
            "end": {
              "line": 26,
              "column": 9
            }
          },
          {
            "start": {
              "line": 24,
              "column": 8
            },
            "end": {
              "line": 26,
              "column": 9
            }
          }
        ],
        "line": 24
      }
    },
    "s": {
      "0": 12,
      "1": 22,
      "2": 20,
      "3": 2,
      "4": 0,
      "5": 12,
      "6": 12,
      "7": 46,
      "8": 46,
      "9": 24,
      "10": 24,
      "11": 0,
      "12": 46,
      "13": 46
    },
    "f": {
      "0": 22,
      "1": 46,
      "2": 24
    },
    "b": {
      "0": [
        20,
        2,
        0
      ],
      "1": [
        0,
        24
      ]
    },
    "_coverageSchema": "1a1c01bbd47fc00a2c39e90264f33305004495a9",
    "hash": "82b9dd0238fb86e15f949f47c2e5d35774e7e92d"
  },
  "C:\\Users\\Petrus\\Documents\\AccountabilityHack\\Full-Stack-Project---Accountability-Hack\\mern_stack\\frontend\\src\\hooks\\useAuthContext.js": {
    "path": "C:\\Users\\Petrus\\Documents\\AccountabilityHack\\Full-Stack-Project---Accountability-Hack\\mern_stack\\frontend\\src\\hooks\\useAuthContext.js",
    "statementMap": {
      "0": {
        "start": {
          "line": 4,
          "column": 30
        },
        "end": {
          "line": 12,
          "column": 1
        }
      },
      "1": {
        "start": {
          "line": 5,
          "column": 20
        },
        "end": {
          "line": 5,
          "column": 43
        }
      },
      "2": {
        "start": {
          "line": 7,
          "column": 4
        },
        "end": {
          "line": 9,
          "column": 5
        }
      },
      "3": {
        "start": {
          "line": 8,
          "column": 8
        },
        "end": {
          "line": 8,
          "column": 80
        }
      },
      "4": {
        "start": {
          "line": 11,
          "column": 4
        },
        "end": {
          "line": 11,
          "column": 18
        }
      }
    },
    "fnMap": {
      "0": {
        "name": "(anonymous_0)",
        "decl": {
          "start": {
            "line": 4,
            "column": 30
          },
          "end": {
            "line": 4,
            "column": 31
          }
        },
        "loc": {
          "start": {
            "line": 4,
            "column": 36
          },
          "end": {
            "line": 12,
            "column": 1
          }
        },
        "line": 4
      }
    },
    "branchMap": {
      "0": {
        "loc": {
          "start": {
            "line": 7,
            "column": 4
          },
          "end": {
            "line": 9,
            "column": 5
          }
        },
        "type": "if",
        "locations": [
          {
            "start": {
              "line": 7,
              "column": 4
            },
            "end": {
              "line": 9,
              "column": 5
            }
          },
          {
            "start": {
              "line": 7,
              "column": 4
            },
            "end": {
              "line": 9,
              "column": 5
            }
          }
        ],
        "line": 7
      }
    },
    "s": {
      "0": 12,
      "1": 1792,
      "2": 1792,
      "3": 0,
      "4": 1792
    },
    "f": {
      "0": 1792
    },
    "b": {
      "0": [
        0,
        1792
      ]
    },
    "_coverageSchema": "1a1c01bbd47fc00a2c39e90264f33305004495a9",
    "hash": "2393aeab2f1b73575a8725e4016b6d618854fd2e"
  },
  "C:\\Users\\Petrus\\Documents\\AccountabilityHack\\Full-Stack-Project---Accountability-Hack\\mern_stack\\frontend\\src\\context\\HabitContext.js": {
    "path": "C:\\Users\\Petrus\\Documents\\AccountabilityHack\\Full-Stack-Project---Accountability-Hack\\mern_stack\\frontend\\src\\context\\HabitContext.js",
    "statementMap": {
      "0": {
        "start": {
          "line": 3,
          "column": 29
        },
        "end": {
          "line": 3,
          "column": 44
        }
      },
      "1": {
        "start": {
          "line": 5,
          "column": 29
        },
        "end": {
          "line": 43,
          "column": 1
        }
      },
      "2": {
        "start": {
          "line": 6,
          "column": 4
        },
        "end": {
          "line": 42,
          "column": 5
        }
      },
      "3": {
        "start": {
          "line": 8,
          "column": 12
        },
        "end": {
          "line": 10,
          "column": 13
        }
      },
      "4": {
        "start": {
          "line": 12,
          "column": 12
        },
        "end": {
          "line": 14,
          "column": 13
        }
      },
      "5": {
        "start": {
          "line": 16,
          "column": 12
        },
        "end": {
          "line": 18,
          "column": 13
        }
      },
      "6": {
        "start": {
          "line": 17,
          "column": 51
        },
        "end": {
          "line": 17,
          "column": 79
        }
      },
      "7": {
        "start": {
          "line": 20,
          "column": 12
        },
        "end": {
          "line": 31,
          "column": 18
        }
      },
      "8": {
        "start": {
          "line": 22,
          "column": 20
        },
        "end": {
          "line": 29,
          "column": 27
        }
      },
      "9": {
        "start": {
          "line": 33,
          "column": 12
        },
        "end": {
          "line": 39,
          "column": 14
        }
      },
      "10": {
        "start": {
          "line": 35,
          "column": 20
        },
        "end": {
          "line": 37,
          "column": 27
        }
      },
      "11": {
        "start": {
          "line": 41,
          "column": 12
        },
        "end": {
          "line": 41,
          "column": 24
        }
      },
      "12": {
        "start": {
          "line": 45,
          "column": 37
        },
        "end": {
          "line": 54,
          "column": 1
        }
      },
      "13": {
        "start": {
          "line": 46,
          "column": 30
        },
        "end": {
          "line": 48,
          "column": 6
        }
      },
      "14": {
        "start": {
          "line": 49,
          "column": 4
        },
        "end": {
          "line": 53,
          "column": 5
        }
      }
    },
    "fnMap": {
      "0": {
        "name": "(anonymous_0)",
        "decl": {
          "start": {
            "line": 5,
            "column": 29
          },
          "end": {
            "line": 5,
            "column": 30
          }
        },
        "loc": {
          "start": {
            "line": 5,
            "column": 48
          },
          "end": {
            "line": 43,
            "column": 1
          }
        },
        "line": 5
      },
      "1": {
        "name": "(anonymous_1)",
        "decl": {
          "start": {
            "line": 17,
            "column": 44
          },
          "end": {
            "line": 17,
            "column": 45
          }
        },
        "loc": {
          "start": {
            "line": 17,
            "column": 51
          },
          "end": {
            "line": 17,
            "column": 79
          }
        },
        "line": 17
      },
      "2": {
        "name": "(anonymous_2)",
        "decl": {
          "start": {
            "line": 21,
            "column": 41
          },
          "end": {
            "line": 21,
            "column": 42
          }
        },
        "loc": {
          "start": {
            "line": 22,
            "column": 20
          },
          "end": {
            "line": 29,
            "column": 27
          }
        },
        "line": 22
      },
      "3": {
        "name": "(anonymous_3)",
        "decl": {
          "start": {
            "line": 34,
            "column": 41
          },
          "end": {
            "line": 34,
            "column": 42
          }
        },
        "loc": {
          "start": {
            "line": 35,
            "column": 20
          },
          "end": {
            "line": 37,
            "column": 27
          }
        },
        "line": 35
      },
      "4": {
        "name": "(anonymous_4)",
        "decl": {
          "start": {
            "line": 45,
            "column": 37
          },
          "end": {
            "line": 45,
            "column": 38
          }
        },
        "loc": {
          "start": {
            "line": 45,
            "column": 55
          },
          "end": {
            "line": 54,
            "column": 1
          }
        },
        "line": 45
      }
    },
    "branchMap": {
      "0": {
        "loc": {
          "start": {
            "line": 6,
            "column": 4
          },
          "end": {
            "line": 42,
            "column": 5
          }
        },
        "type": "switch",
        "locations": [
          {
            "start": {
              "line": 7,
              "column": 8
            },
            "end": {
              "line": 10,
              "column": 13
            }
          },
          {
            "start": {
              "line": 11,
              "column": 8
            },
            "end": {
              "line": 14,
              "column": 13
            }
          },
          {
            "start": {
              "line": 15,
              "column": 8
            },
            "end": {
              "line": 18,
              "column": 13
            }
          },
          {
            "start": {
              "line": 19,
              "column": 8
            },
            "end": {
              "line": 31,
              "column": 18
            }
          },
          {
            "start": {
              "line": 32,
              "column": 8
            },
            "end": {
              "line": 39,
              "column": 14
            }
          },
          {
            "start": {
              "line": 40,
              "column": 8
            },
            "end": {
              "line": 41,
              "column": 24
            }
          }
        ],
        "line": 6
      },
      "1": {
        "loc": {
          "start": {
            "line": 22,
            "column": 20
          },
          "end": {
            "line": 29,
            "column": 27
          }
        },
        "type": "cond-expr",
        "locations": [
          {
            "start": {
              "line": 23,
              "column": 26
            },
            "end": {
              "line": 28,
              "column": 25
            }
          },
          {
            "start": {
              "line": 29,
              "column": 26
            },
            "end": {
              "line": 29,
              "column": 27
            }
          }
        ],
        "line": 22
      },
      "2": {
        "loc": {
          "start": {
            "line": 35,
            "column": 20
          },
          "end": {
            "line": 37,
            "column": 27
          }
        },
        "type": "cond-expr",
        "locations": [
          {
            "start": {
              "line": 36,
              "column": 26
            },
            "end": {
              "line": 36,
              "column": 53
            }
          },
          {
            "start": {
              "line": 37,
              "column": 26
            },
            "end": {
              "line": 37,
              "column": 27
            }
          }
        ],
        "line": 35
      }
    },
    "s": {
      "0": 12,
      "1": 12,
      "2": 64,
      "3": 36,
      "4": 10,
      "5": 10,
      "6": 10,
      "7": 2,
      "8": 2,
      "9": 6,
      "10": 6,
      "11": 0,
      "12": 12,
      "13": 88,
      "14": 88
    },
    "f": {
      "0": 64,
      "1": 10,
      "2": 2,
      "3": 6,
      "4": 88
    },
    "b": {
      "0": [
        36,
        10,
        10,
        2,
        6,
        0
      ],
      "1": [
        2,
        0
      ],
      "2": [
        6,
        0
      ]
    },
    "_coverageSchema": "1a1c01bbd47fc00a2c39e90264f33305004495a9",
    "hash": "fa3f38433231f5a5f2814f06a5ef19ee6afdf775"
  },
  "C:\\Users\\Petrus\\Documents\\AccountabilityHack\\Full-Stack-Project---Accountability-Hack\\mern_stack\\frontend\\src\\hooks\\useHabitsContext.js": {
    "path": "C:\\Users\\Petrus\\Documents\\AccountabilityHack\\Full-Stack-Project---Accountability-Hack\\mern_stack\\frontend\\src\\hooks\\useHabitsContext.js",
    "statementMap": {
      "0": {
        "start": {
          "line": 4,
          "column": 32
        },
        "end": {
          "line": 12,
          "column": 1
        }
      },
      "1": {
        "start": {
          "line": 5,
          "column": 20
        },
        "end": {
          "line": 5,
          "column": 45
        }
      },
      "2": {
        "start": {
          "line": 7,
          "column": 4
        },
        "end": {
          "line": 9,
          "column": 5
        }
      },
      "3": {
        "start": {
          "line": 8,
          "column": 8
        },
        "end": {
          "line": 8,
          "column": 83
        }
      },
      "4": {
        "start": {
          "line": 11,
          "column": 4
        },
        "end": {
          "line": 11,
          "column": 18
        }
      }
    },
    "fnMap": {
      "0": {
        "name": "(anonymous_0)",
        "decl": {
          "start": {
            "line": 4,
            "column": 32
          },
          "end": {
            "line": 4,
            "column": 33
          }
        },
        "loc": {
          "start": {
            "line": 4,
            "column": 38
          },
          "end": {
            "line": 12,
            "column": 1
          }
        },
        "line": 4
      }
    },
    "branchMap": {
      "0": {
        "loc": {
          "start": {
            "line": 7,
            "column": 4
          },
          "end": {
            "line": 9,
            "column": 5
          }
        },
        "type": "if",
        "locations": [
          {
            "start": {
              "line": 7,
              "column": 4
            },
            "end": {
              "line": 9,
              "column": 5
            }
          },
          {
            "start": {
              "line": 7,
              "column": 4
            },
            "end": {
              "line": 9,
              "column": 5
            }
          }
        ],
        "line": 7
      }
    },
    "s": {
      "0": 12,
      "1": 738,
      "2": 738,
      "3": 0,
      "4": 738
    },
    "f": {
      "0": 738
    },
    "b": {
      "0": [
        0,
        738
      ]
    },
    "_coverageSchema": "1a1c01bbd47fc00a2c39e90264f33305004495a9",
    "hash": "fddabd5700b9a3f23d1840ac57119c683f85bf1f"
  },
  "C:\\Users\\Petrus\\Documents\\AccountabilityHack\\Full-Stack-Project---Accountability-Hack\\mern_stack\\frontend\\src\\components\\Popup.js": {
    "path": "C:\\Users\\Petrus\\Documents\\AccountabilityHack\\Full-Stack-Project---Accountability-Hack\\mern_stack\\frontend\\src\\components\\Popup.js",
    "statementMap": {
      "0": {
        "start": {
          "line": 5,
          "column": 2
        },
        "end": {
          "line": 12,
          "column": 9
        }
      },
      "1": {
        "start": {
          "line": 8,
          "column": 54
        },
        "end": {
          "line": 8,
          "column": 77
        }
      }
    },
    "fnMap": {
      "0": {
        "name": "Popup",
        "decl": {
          "start": {
            "line": 4,
            "column": 9
          },
          "end": {
            "line": 4,
            "column": 14
          }
        },
        "loc": {
          "start": {
            "line": 4,
            "column": 22
          },
          "end": {
            "line": 13,
            "column": 1
          }
        },
        "line": 4
      },
      "1": {
        "name": "(anonymous_1)",
        "decl": {
          "start": {
            "line": 8,
            "column": 48
          },
          "end": {
            "line": 8,
            "column": 49
          }
        },
        "loc": {
          "start": {
            "line": 8,
            "column": 54
          },
          "end": {
            "line": 8,
            "column": 77
          }
        },
        "line": 8
      }
    },
    "branchMap": {
      "0": {
        "loc": {
          "start": {
            "line": 5,
            "column": 9
          },
          "end": {
            "line": 12,
            "column": 8
          }
        },
        "type": "cond-expr",
        "locations": [
          {
            "start": {
              "line": 6,
              "column": 4
            },
            "end": {
              "line": 11,
              "column": 10
            }
          },
          {
            "start": {
              "line": 12,
              "column": 6
            },
            "end": {
              "line": 12,
              "column": 8
            }
          }
        ],
        "line": 5
      }
    },
    "s": {
      "0": 138,
      "1": 1
    },
    "f": {
      "0": 138,
      "1": 1
    },
    "b": {
      "0": [
        88,
        50
      ]
    },
    "_coverageSchema": "1a1c01bbd47fc00a2c39e90264f33305004495a9",
    "hash": "bcdf6fe2cee69108872b2c6900bb926007220d11"
  },
  "C:\\Users\\Petrus\\Documents\\AccountabilityHack\\Full-Stack-Project---Accountability-Hack\\mern_stack\\frontend\\src\\components\\HabitCalendar.js": {
    "path": "C:\\Users\\Petrus\\Documents\\AccountabilityHack\\Full-Stack-Project---Accountability-Hack\\mern_stack\\frontend\\src\\components\\HabitCalendar.js",
    "statementMap": {
      "0": {
        "start": {
          "line": 4,
          "column": 22
        },
        "end": {
          "line": 102,
          "column": 1
        }
      },
      "1": {
        "start": {
          "line": 5,
          "column": 42
        },
        "end": {
          "line": 5,
          "column": 62
        }
      },
      "2": {
        "start": {
          "line": 6,
          "column": 44
        },
        "end": {
          "line": 6,
          "column": 56
        }
      },
      "3": {
        "start": {
          "line": 8,
          "column": 4
        },
        "end": {
          "line": 12,
          "column": 30
        }
      },
      "4": {
        "start": {
          "line": 9,
          "column": 8
        },
        "end": {
          "line": 11,
          "column": 9
        }
      },
      "5": {
        "start": {
          "line": 10,
          "column": 12
        },
        "end": {
          "line": 10,
          "column": 31
        }
      },
      "6": {
        "start": {
          "line": 14,
          "column": 29
        },
        "end": {
          "line": 49,
          "column": 5
        }
      },
      "7": {
        "start": {
          "line": 15,
          "column": 8
        },
        "end": {
          "line": 15,
          "column": 28
        }
      },
      "8": {
        "start": {
          "line": 15,
          "column": 21
        },
        "end": {
          "line": 15,
          "column": 28
        }
      },
      "9": {
        "start": {
          "line": 17,
          "column": 21
        },
        "end": {
          "line": 17,
          "column": 46
        }
      },
      "10": {
        "start": {
          "line": 18,
          "column": 22
        },
        "end": {
          "line": 18,
          "column": 44
        }
      },
      "11": {
        "start": {
          "line": 21,
          "column": 25
        },
        "end": {
          "line": 21,
          "column": 49
        }
      },
      "12": {
        "start": {
          "line": 22,
          "column": 24
        },
        "end": {
          "line": 22,
          "column": 52
        }
      },
      "13": {
        "start": {
          "line": 23,
          "column": 26
        },
        "end": {
          "line": 23,
          "column": 43
        }
      },
      "14": {
        "start": {
          "line": 24,
          "column": 28
        },
        "end": {
          "line": 24,
          "column": 45
        }
      },
      "15": {
        "start": {
          "line": 27,
          "column": 21
        },
        "end": {
          "line": 27,
          "column": 23
        }
      },
      "16": {
        "start": {
          "line": 30,
          "column": 8
        },
        "end": {
          "line": 32,
          "column": 9
        }
      },
      "17": {
        "start": {
          "line": 30,
          "column": 21
        },
        "end": {
          "line": 30,
          "column": 22
        }
      },
      "18": {
        "start": {
          "line": 31,
          "column": 12
        },
        "end": {
          "line": 31,
          "column": 55
        }
      },
      "19": {
        "start": {
          "line": 35,
          "column": 8
        },
        "end": {
          "line": 46,
          "column": 9
        }
      },
      "20": {
        "start": {
          "line": 35,
          "column": 23
        },
        "end": {
          "line": 35,
          "column": 24
        }
      },
      "21": {
        "start": {
          "line": 36,
          "column": 25
        },
        "end": {
          "line": 36,
          "column": 51
        }
      },
      "22": {
        "start": {
          "line": 37,
          "column": 32
        },
        "end": {
          "line": 44,
          "column": 39
        }
      },
      "23": {
        "start": {
          "line": 38,
          "column": 16
        },
        "end": {
          "line": 43,
          "column": 18
        }
      },
      "24": {
        "start": {
          "line": 39,
          "column": 43
        },
        "end": {
          "line": 39,
          "column": 63
        }
      },
      "25": {
        "start": {
          "line": 40,
          "column": 20
        },
        "end": {
          "line": 42,
          "column": 65
        }
      },
      "26": {
        "start": {
          "line": 44,
          "column": 27
        },
        "end": {
          "line": 44,
          "column": 38
        }
      },
      "27": {
        "start": {
          "line": 45,
          "column": 12
        },
        "end": {
          "line": 45,
          "column": 45
        }
      },
      "28": {
        "start": {
          "line": 48,
          "column": 8
        },
        "end": {
          "line": 48,
          "column": 30
        }
      },
      "29": {
        "start": {
          "line": 51,
          "column": 24
        },
        "end": {
          "line": 55,
          "column": 5
        }
      },
      "30": {
        "start": {
          "line": 52,
          "column": 24
        },
        "end": {
          "line": 52,
          "column": 45
        }
      },
      "31": {
        "start": {
          "line": 53,
          "column": 8
        },
        "end": {
          "line": 53,
          "column": 57
        }
      },
      "32": {
        "start": {
          "line": 54,
          "column": 8
        },
        "end": {
          "line": 54,
          "column": 32
        }
      },
      "33": {
        "start": {
          "line": 57,
          "column": 25
        },
        "end": {
          "line": 59,
          "column": 5
        }
      },
      "34": {
        "start": {
          "line": 58,
          "column": 8
        },
        "end": {
          "line": 58,
          "column": 89
        }
      },
      "35": {
        "start": {
          "line": 61,
          "column": 4
        },
        "end": {
          "line": 61,
          "column": 29
        }
      },
      "36": {
        "start": {
          "line": 61,
          "column": 17
        },
        "end": {
          "line": 61,
          "column": 29
        }
      },
      "37": {
        "start": {
          "line": 63,
          "column": 4
        },
        "end": {
          "line": 101,
          "column": 6
        }
      },
      "38": {
        "start": {
          "line": 66,
          "column": 39
        },
        "end": {
          "line": 66,
          "column": 54
        }
      },
      "39": {
        "start": {
          "line": 68,
          "column": 39
        },
        "end": {
          "line": 68,
          "column": 53
        }
      },
      "40": {
        "start": {
          "line": 79,
          "column": 43
        },
        "end": {
          "line": 83,
          "column": 28
        }
      },
      "41": {
        "start": {
          "line": 81,
          "column": 86
        },
        "end": {
          "line": 81,
          "column": 106
        }
      },
      "42": {
        "start": {
          "line": 85,
          "column": 20
        },
        "end": {
          "line": 97,
          "column": 22
        }
      }
    },
    "fnMap": {
      "0": {
        "name": "(anonymous_0)",
        "decl": {
          "start": {
            "line": 4,
            "column": 22
          },
          "end": {
            "line": 4,
            "column": 23
          }
        },
        "loc": {
          "start": {
            "line": 4,
            "column": 38
          },
          "end": {
            "line": 102,
            "column": 1
          }
        },
        "line": 4
      },
      "1": {
        "name": "(anonymous_1)",
        "decl": {
          "start": {
            "line": 8,
            "column": 14
          },
          "end": {
            "line": 8,
            "column": 15
          }
        },
        "loc": {
          "start": {
            "line": 8,
            "column": 20
          },
          "end": {
            "line": 12,
            "column": 5
          }
        },
        "line": 8
      },
      "2": {
        "name": "(anonymous_2)",
        "decl": {
          "start": {
            "line": 14,
            "column": 29
          },
          "end": {
            "line": 14,
            "column": 30
          }
        },
        "loc": {
          "start": {
            "line": 14,
            "column": 35
          },
          "end": {
            "line": 49,
            "column": 5
          }
        },
        "line": 14
      },
      "3": {
        "name": "(anonymous_3)",
        "decl": {
          "start": {
            "line": 37,
            "column": 46
          },
          "end": {
            "line": 37,
            "column": 47
          }
        },
        "loc": {
          "start": {
            "line": 38,
            "column": 16
          },
          "end": {
            "line": 43,
            "column": 18
          }
        },
        "line": 38
      },
      "4": {
        "name": "(anonymous_4)",
        "decl": {
          "start": {
            "line": 38,
            "column": 47
          },
          "end": {
            "line": 38,
            "column": 48
          }
        },
        "loc": {
          "start": {
            "line": 38,
            "column": 61
          },
          "end": {
            "line": 43,
            "column": 17
          }
        },
        "line": 38
      },
      "5": {
        "name": "(anonymous_5)",
        "decl": {
          "start": {
            "line": 44,
            "column": 18
          },
          "end": {
            "line": 44,
            "column": 19
          }
        },
        "loc": {
          "start": {
            "line": 44,
            "column": 27
          },
          "end": {
            "line": 44,
            "column": 38
          }
        },
        "line": 44
      },
      "6": {
        "name": "(anonymous_6)",
        "decl": {
          "start": {
            "line": 51,
            "column": 24
          },
          "end": {
            "line": 51,
            "column": 25
          }
        },
        "loc": {
          "start": {
            "line": 51,
            "column": 39
          },
          "end": {
            "line": 55,
            "column": 5
          }
        },
        "line": 51
      },
      "7": {
        "name": "(anonymous_7)",
        "decl": {
          "start": {
            "line": 57,
            "column": 25
          },
          "end": {
            "line": 57,
            "column": 26
          }
        },
        "loc": {
          "start": {
            "line": 57,
            "column": 31
          },
          "end": {
            "line": 59,
            "column": 5
          }
        },
        "line": 57
      },
      "8": {
        "name": "(anonymous_8)",
        "decl": {
          "start": {
            "line": 66,
            "column": 33
          },
          "end": {
            "line": 66,
            "column": 34
          }
        },
        "loc": {
          "start": {
            "line": 66,
            "column": 39
          },
          "end": {
            "line": 66,
            "column": 54
          }
        },
        "line": 66
      },
      "9": {
        "name": "(anonymous_9)",
        "decl": {
          "start": {
            "line": 68,
            "column": 33
          },
          "end": {
            "line": 68,
            "column": 34
          }
        },
        "loc": {
          "start": {
            "line": 68,
            "column": 39
          },
          "end": {
            "line": 68,
            "column": 53
          }
        },
        "line": 68
      },
      "10": {
        "name": "(anonymous_10)",
        "decl": {
          "start": {
            "line": 78,
            "column": 34
          },
          "end": {
            "line": 78,
            "column": 35
          }
        },
        "loc": {
          "start": {
            "line": 78,
            "column": 50
          },
          "end": {
            "line": 98,
            "column": 17
          }
        },
        "line": 78
      },
      "11": {
        "name": "(anonymous_11)",
        "decl": {
          "start": {
            "line": 81,
            "column": 72
          },
          "end": {
            "line": 81,
            "column": 73
          }
        },
        "loc": {
          "start": {
            "line": 81,
            "column": 86
          },
          "end": {
            "line": 81,
            "column": 106
          }
        },
        "line": 81
      }
    },
    "branchMap": {
      "0": {
        "loc": {
          "start": {
            "line": 9,
            "column": 8
          },
          "end": {
            "line": 11,
            "column": 9
          }
        },
        "type": "if",
        "locations": [
          {
            "start": {
              "line": 9,
              "column": 8
            },
            "end": {
              "line": 11,
              "column": 9
            }
          },
          {
            "start": {
              "line": 9,
              "column": 8
            },
            "end": {
              "line": 11,
              "column": 9
            }
          }
        ],
        "line": 9
      },
      "1": {
        "loc": {
          "start": {
            "line": 15,
            "column": 8
          },
          "end": {
            "line": 15,
            "column": 28
          }
        },
        "type": "if",
        "locations": [
          {
            "start": {
              "line": 15,
              "column": 8
            },
            "end": {
              "line": 15,
              "column": 28
            }
          },
          {
            "start": {
              "line": 15,
              "column": 8
            },
            "end": {
              "line": 15,
              "column": 28
            }
          }
        ],
        "line": 15
      },
      "2": {
        "loc": {
          "start": {
            "line": 38,
            "column": 17
          },
          "end": {
            "line": 38,
            "column": 40
          }
        },
        "type": "binary-expr",
        "locations": [
          {
            "start": {
              "line": 38,
              "column": 17
            },
            "end": {
              "line": 38,
              "column": 34
            }
          },
          {
            "start": {
              "line": 38,
              "column": 38
            },
            "end": {
              "line": 38,
              "column": 40
            }
          }
        ],
        "line": 38
      },
      "3": {
        "loc": {
          "start": {
            "line": 40,
            "column": 27
          },
          "end": {
            "line": 42,
            "column": 64
          }
        },
        "type": "binary-expr",
        "locations": [
          {
            "start": {
              "line": 40,
              "column": 27
            },
            "end": {
              "line": 40,
              "column": 59
            }
          },
          {
            "start": {
              "line": 41,
              "column": 27
            },
            "end": {
              "line": 41,
              "column": 62
            }
          },
          {
            "start": {
              "line": 42,
              "column": 27
            },
            "end": {
              "line": 42,
              "column": 64
            }
          }
        ],
        "line": 40
      },
      "4": {
        "loc": {
          "start": {
            "line": 61,
            "column": 4
          },
          "end": {
            "line": 61,
            "column": 29
          }
        },
        "type": "if",
        "locations": [
          {
            "start": {
              "line": 61,
              "column": 4
            },
            "end": {
              "line": 61,
              "column": 29
            }
          },
          {
            "start": {
              "line": 61,
              "column": 4
            },
            "end": {
              "line": 61,
              "column": 29
            }
          }
        ],
        "line": 61
      },
      "5": {
        "loc": {
          "start": {
            "line": 79,
            "column": 43
          },
          "end": {
            "line": 83,
            "column": 28
          }
        },
        "type": "cond-expr",
        "locations": [
          {
            "start": {
              "line": 80,
              "column": 27
            },
            "end": {
              "line": 82,
              "column": 51
            }
          },
          {
            "start": {
              "line": 83,
              "column": 26
            },
            "end": {
              "line": 83,
              "column": 28
            }
          }
        ],
        "line": 79
      },
      "6": {
        "loc": {
          "start": {
            "line": 80,
            "column": 27
          },
          "end": {
            "line": 82,
            "column": 51
          }
        },
        "type": "cond-expr",
        "locations": [
          {
            "start": {
              "line": 81,
              "column": 30
            },
            "end": {
              "line": 81,
              "column": 120
            }
          },
          {
            "start": {
              "line": 82,
              "column": 30
            },
            "end": {
              "line": 82,
              "column": 51
            }
          }
        ],
        "line": 80
      },
      "7": {
        "loc": {
          "start": {
            "line": 88,
            "column": 55
          },
          "end": {
            "line": 88,
            "column": 78
          }
        },
        "type": "cond-expr",
        "locations": [
          {
            "start": {
              "line": 88,
              "column": 66
            },
            "end": {
              "line": 88,
              "column": 68
            }
          },
          {
            "start": {
              "line": 88,
              "column": 71
            },
            "end": {
              "line": 88,
              "column": 78
            }
          }
        ],
        "line": 88
      },
      "8": {
        "loc": {
          "start": {
            "line": 88,
            "column": 82
          },
          "end": {
            "line": 88,
            "column": 127
          }
        },
        "type": "cond-expr",
        "locations": [
          {
            "start": {
              "line": 88,
              "column": 111
            },
            "end": {
              "line": 88,
              "column": 122
            }
          },
          {
            "start": {
              "line": 88,
              "column": 125
            },
            "end": {
              "line": 88,
              "column": 127
            }
          }
        ],
        "line": 88
      },
      "9": {
        "loc": {
          "start": {
            "line": 89,
            "column": 42
          },
          "end": {
            "line": 89,
            "column": 65
          }
        },
        "type": "cond-expr",
        "locations": [
          {
            "start": {
              "line": 89,
              "column": 53
            },
            "end": {
              "line": 89,
              "column": 57
            }
          },
          {
            "start": {
              "line": 89,
              "column": 60
            },
            "end": {
              "line": 89,
              "column": 65
            }
          }
        ],
        "line": 89
      },
      "10": {
        "loc": {
          "start": {
            "line": 92,
            "column": 29
          },
          "end": {
            "line": 92,
            "column": 63
          }
        },
        "type": "cond-expr",
        "locations": [
          {
            "start": {
              "line": 92,
              "column": 40
            },
            "end": {
              "line": 92,
              "column": 58
            }
          },
          {
            "start": {
              "line": 92,
              "column": 61
            },
            "end": {
              "line": 92,
              "column": 63
            }
          }
        ],
        "line": 92
      },
      "11": {
        "loc": {
          "start": {
            "line": 93,
            "column": 29
          },
          "end": {
            "line": 95,
            "column": 29
          }
        },
        "type": "binary-expr",
        "locations": [
          {
            "start": {
              "line": 93,
              "column": 29
            },
            "end": {
              "line": 93,
              "column": 55
            }
          },
          {
            "start": {
              "line": 94,
              "column": 32
            },
            "end": {
              "line": 94,
              "column": 70
            }
          }
        ],
        "line": 93
      }
    },
    "s": {
      "0": 12,
      "1": 266,
      "2": 266,
      "3": 266,
      "4": 57,
      "5": 27,
      "6": 266,
      "7": 27,
      "8": 0,
      "9": 27,
      "10": 27,
      "11": 27,
      "12": 27,
      "13": 27,
      "14": 27,
      "15": 27,
      "16": 27,
      "17": 27,
      "18": 108,
      "19": 27,
      "20": 27,
      "21": 837,
      "22": 837,
      "23": 279,
      "24": 31,
      "25": 31,
      "26": 1,
      "27": 837,
      "28": 27,
      "29": 266,
      "30": 0,
      "31": 0,
      "32": 0,
      "33": 266,
      "34": 108,
      "35": 266,
      "36": 158,
      "37": 108,
      "38": 0,
      "39": 0,
      "40": 3290,
      "41": 4,
      "42": 3290
    },
    "f": {
      "0": 266,
      "1": 57,
      "2": 27,
      "3": 279,
      "4": 31,
      "5": 1,
      "6": 0,
      "7": 108,
      "8": 0,
      "9": 0,
      "10": 3290,
      "11": 4
    },
    "b": {
      "0": [
        27,
        30
      ],
      "1": [
        0,
        27
      ],
      "2": [
        279,
        0
      ],
      "3": [
        31,
        1,
        1
      ],
      "4": [
        158,
        108
      ],
      "5": [
        2914,
        376
      ],
      "6": [
        4,
        2910
      ],
      "7": [
        2914,
        376
      ],
      "8": [
        4,
        3286
      ],
      "9": [
        2914,
        376
      ],
      "10": [
        2914,
        376
      ],
      "11": [
        3290,
        4
      ]
    },
    "_coverageSchema": "1a1c01bbd47fc00a2c39e90264f33305004495a9",
    "hash": "fc5622cb9535b216d7ec438fc41dd71aaac98f27"
  },
  "C:\\Users\\Petrus\\Documents\\AccountabilityHack\\Full-Stack-Project---Accountability-Hack\\mern_stack\\frontend\\src\\components\\HabitCard.js": {
    "path": "C:\\Users\\Petrus\\Documents\\AccountabilityHack\\Full-Stack-Project---Accountability-Hack\\mern_stack\\frontend\\src\\components\\HabitCard.js",
    "statementMap": {
      "0": {
        "start": {
          "line": 10,
          "column": 18
        },
        "end": {
          "line": 385,
          "column": 1
        }
      },
      "1": {
        "start": {
          "line": 11,
          "column": 25
        },
        "end": {
          "line": 11,
          "column": 43
        }
      },
      "2": {
        "start": {
          "line": 12,
          "column": 42
        },
        "end": {
          "line": 12,
          "column": 57
        }
      },
      "3": {
        "start": {
          "line": 13,
          "column": 40
        },
        "end": {
          "line": 13,
          "column": 61
        }
      },
      "4": {
        "start": {
          "line": 14,
          "column": 52
        },
        "end": {
          "line": 14,
          "column": 79
        }
      },
      "5": {
        "start": {
          "line": 15,
          "column": 30
        },
        "end": {
          "line": 15,
          "column": 44
        }
      },
      "6": {
        "start": {
          "line": 16,
          "column": 42
        },
        "end": {
          "line": 16,
          "column": 57
        }
      },
      "7": {
        "start": {
          "line": 17,
          "column": 38
        },
        "end": {
          "line": 22,
          "column": 6
        }
      },
      "8": {
        "start": {
          "line": 23,
          "column": 19
        },
        "end": {
          "line": 23,
          "column": 35
        }
      },
      "9": {
        "start": {
          "line": 25,
          "column": 4
        },
        "end": {
          "line": 52,
          "column": 20
        }
      },
      "10": {
        "start": {
          "line": 26,
          "column": 31
        },
        "end": {
          "line": 49,
          "column": 9
        }
      },
      "11": {
        "start": {
          "line": 27,
          "column": 12
        },
        "end": {
          "line": 48,
          "column": 13
        }
      },
      "12": {
        "start": {
          "line": 28,
          "column": 33
        },
        "end": {
          "line": 32,
          "column": 18
        }
      },
      "13": {
        "start": {
          "line": 33,
          "column": 16
        },
        "end": {
          "line": 35,
          "column": 17
        }
      },
      "14": {
        "start": {
          "line": 34,
          "column": 20
        },
        "end": {
          "line": 34,
          "column": 66
        }
      },
      "15": {
        "start": {
          "line": 36,
          "column": 29
        },
        "end": {
          "line": 36,
          "column": 50
        }
      },
      "16": {
        "start": {
          "line": 37,
          "column": 16
        },
        "end": {
          "line": 37,
          "column": 35
        }
      },
      "17": {
        "start": {
          "line": 39,
          "column": 30
        },
        "end": {
          "line": 39,
          "column": 40
        }
      },
      "18": {
        "start": {
          "line": 40,
          "column": 16
        },
        "end": {
          "line": 40,
          "column": 43
        }
      },
      "19": {
        "start": {
          "line": 41,
          "column": 16
        },
        "end": {
          "line": 45,
          "column": 20
        }
      },
      "20": {
        "start": {
          "line": 42,
          "column": 43
        },
        "end": {
          "line": 42,
          "column": 63
        }
      },
      "21": {
        "start": {
          "line": 43,
          "column": 20
        },
        "end": {
          "line": 43,
          "column": 56
        }
      },
      "22": {
        "start": {
          "line": 44,
          "column": 20
        },
        "end": {
          "line": 44,
          "column": 72
        }
      },
      "23": {
        "start": {
          "line": 47,
          "column": 16
        },
        "end": {
          "line": 47,
          "column": 67
        }
      },
      "24": {
        "start": {
          "line": 51,
          "column": 8
        },
        "end": {
          "line": 51,
          "column": 25
        }
      },
      "25": {
        "start": {
          "line": 54,
          "column": 4
        },
        "end": {
          "line": 58,
          "column": 16
        }
      },
      "26": {
        "start": {
          "line": 55,
          "column": 8
        },
        "end": {
          "line": 57,
          "column": 9
        }
      },
      "27": {
        "start": {
          "line": 56,
          "column": 12
        },
        "end": {
          "line": 56,
          "column": 32
        }
      },
      "28": {
        "start": {
          "line": 61,
          "column": 4
        },
        "end": {
          "line": 145,
          "column": 82
        }
      },
      "29": {
        "start": {
          "line": 62,
          "column": 25
        },
        "end": {
          "line": 62,
          "column": 30
        }
      },
      "30": {
        "start": {
          "line": 64,
          "column": 26
        },
        "end": {
          "line": 132,
          "column": 9
        }
      },
      "31": {
        "start": {
          "line": 65,
          "column": 12
        },
        "end": {
          "line": 65,
          "column": 35
        }
      },
      "32": {
        "start": {
          "line": 65,
          "column": 28
        },
        "end": {
          "line": 65,
          "column": 35
        }
      },
      "33": {
        "start": {
          "line": 67,
          "column": 26
        },
        "end": {
          "line": 67,
          "column": 36
        }
      },
      "34": {
        "start": {
          "line": 68,
          "column": 12
        },
        "end": {
          "line": 68,
          "column": 39
        }
      },
      "35": {
        "start": {
          "line": 71,
          "column": 35
        },
        "end": {
          "line": 71,
          "column": 40
        }
      },
      "36": {
        "start": {
          "line": 73,
          "column": 12
        },
        "end": {
          "line": 103,
          "column": 13
        }
      },
      "37": {
        "start": {
          "line": 74,
          "column": 16
        },
        "end": {
          "line": 78,
          "column": 19
        }
      },
      "38": {
        "start": {
          "line": 75,
          "column": 43
        },
        "end": {
          "line": 75,
          "column": 63
        }
      },
      "39": {
        "start": {
          "line": 76,
          "column": 20
        },
        "end": {
          "line": 76,
          "column": 56
        }
      },
      "40": {
        "start": {
          "line": 77,
          "column": 20
        },
        "end": {
          "line": 77,
          "column": 72
        }
      },
      "41": {
        "start": {
          "line": 79,
          "column": 19
        },
        "end": {
          "line": 103,
          "column": 13
        }
      },
      "42": {
        "start": {
          "line": 80,
          "column": 40
        },
        "end": {
          "line": 90,
          "column": 17
        }
      },
      "43": {
        "start": {
          "line": 81,
          "column": 30
        },
        "end": {
          "line": 81,
          "column": 44
        }
      },
      "44": {
        "start": {
          "line": 82,
          "column": 20
        },
        "end": {
          "line": 82,
          "column": 46
        }
      },
      "45": {
        "start": {
          "line": 83,
          "column": 38
        },
        "end": {
          "line": 83,
          "column": 51
        }
      },
      "46": {
        "start": {
          "line": 84,
          "column": 20
        },
        "end": {
          "line": 89,
          "column": 21
        }
      },
      "47": {
        "start": {
          "line": 85,
          "column": 24
        },
        "end": {
          "line": 85,
          "column": 43
        }
      },
      "48": {
        "start": {
          "line": 87,
          "column": 24
        },
        "end": {
          "line": 87,
          "column": 65
        }
      },
      "49": {
        "start": {
          "line": 88,
          "column": 24
        },
        "end": {
          "line": 88,
          "column": 43
        }
      },
      "50": {
        "start": {
          "line": 92,
          "column": 38
        },
        "end": {
          "line": 92,
          "column": 60
        }
      },
      "51": {
        "start": {
          "line": 93,
          "column": 16
        },
        "end": {
          "line": 96,
          "column": 19
        }
      },
      "52": {
        "start": {
          "line": 94,
          "column": 43
        },
        "end": {
          "line": 94,
          "column": 63
        }
      },
      "53": {
        "start": {
          "line": 95,
          "column": 20
        },
        "end": {
          "line": 95,
          "column": 77
        }
      },
      "54": {
        "start": {
          "line": 97,
          "column": 19
        },
        "end": {
          "line": 103,
          "column": 13
        }
      },
      "55": {
        "start": {
          "line": 98,
          "column": 16
        },
        "end": {
          "line": 102,
          "column": 19
        }
      },
      "56": {
        "start": {
          "line": 99,
          "column": 43
        },
        "end": {
          "line": 99,
          "column": 63
        }
      },
      "57": {
        "start": {
          "line": 100,
          "column": 20
        },
        "end": {
          "line": 101,
          "column": 74
        }
      },
      "58": {
        "start": {
          "line": 106,
          "column": 12
        },
        "end": {
          "line": 131,
          "column": 13
        }
      },
      "59": {
        "start": {
          "line": 107,
          "column": 16
        },
        "end": {
          "line": 130,
          "column": 17
        }
      },
      "60": {
        "start": {
          "line": 108,
          "column": 20
        },
        "end": {
          "line": 108,
          "column": 38
        }
      },
      "61": {
        "start": {
          "line": 109,
          "column": 37
        },
        "end": {
          "line": 113,
          "column": 22
        }
      },
      "62": {
        "start": {
          "line": 115,
          "column": 20
        },
        "end": {
          "line": 125,
          "column": 21
        }
      },
      "63": {
        "start": {
          "line": 116,
          "column": 45
        },
        "end": {
          "line": 116,
          "column": 66
        }
      },
      "64": {
        "start": {
          "line": 117,
          "column": 24
        },
        "end": {
          "line": 117,
          "column": 51
        }
      },
      "65": {
        "start": {
          "line": 118,
          "column": 24
        },
        "end": {
          "line": 118,
          "column": 57
        }
      },
      "66": {
        "start": {
          "line": 121,
          "column": 24
        },
        "end": {
          "line": 124,
          "column": 27
        }
      },
      "67": {
        "start": {
          "line": 127,
          "column": 20
        },
        "end": {
          "line": 127,
          "column": 73
        }
      },
      "68": {
        "start": {
          "line": 129,
          "column": 20
        },
        "end": {
          "line": 129,
          "column": 39
        }
      },
      "69": {
        "start": {
          "line": 135,
          "column": 8
        },
        "end": {
          "line": 135,
          "column": 20
        }
      },
      "70": {
        "start": {
          "line": 138,
          "column": 25
        },
        "end": {
          "line": 138,
          "column": 54
        }
      },
      "71": {
        "start": {
          "line": 141,
          "column": 8
        },
        "end": {
          "line": 144,
          "column": 10
        }
      },
      "72": {
        "start": {
          "line": 142,
          "column": 12
        },
        "end": {
          "line": 142,
          "column": 36
        }
      },
      "73": {
        "start": {
          "line": 143,
          "column": 12
        },
        "end": {
          "line": 143,
          "column": 31
        }
      },
      "74": {
        "start": {
          "line": 147,
          "column": 25
        },
        "end": {
          "line": 163,
          "column": 5
        }
      },
      "75": {
        "start": {
          "line": 148,
          "column": 8
        },
        "end": {
          "line": 150,
          "column": 9
        }
      },
      "76": {
        "start": {
          "line": 149,
          "column": 12
        },
        "end": {
          "line": 149,
          "column": 18
        }
      },
      "77": {
        "start": {
          "line": 151,
          "column": 25
        },
        "end": {
          "line": 156,
          "column": 10
        }
      },
      "78": {
        "start": {
          "line": 158,
          "column": 21
        },
        "end": {
          "line": 158,
          "column": 42
        }
      },
      "79": {
        "start": {
          "line": 160,
          "column": 8
        },
        "end": {
          "line": 162,
          "column": 9
        }
      },
      "80": {
        "start": {
          "line": 161,
          "column": 12
        },
        "end": {
          "line": 161,
          "column": 59
        }
      },
      "81": {
        "start": {
          "line": 165,
          "column": 28
        },
        "end": {
          "line": 192,
          "column": 5
        }
      },
      "82": {
        "start": {
          "line": 166,
          "column": 8
        },
        "end": {
          "line": 166,
          "column": 40
        }
      },
      "83": {
        "start": {
          "line": 166,
          "column": 33
        },
        "end": {
          "line": 166,
          "column": 38
        }
      },
      "84": {
        "start": {
          "line": 168,
          "column": 8
        },
        "end": {
          "line": 191,
          "column": 9
        }
      },
      "85": {
        "start": {
          "line": 169,
          "column": 29
        },
        "end": {
          "line": 175,
          "column": 14
        }
      },
      "86": {
        "start": {
          "line": 177,
          "column": 33
        },
        "end": {
          "line": 177,
          "column": 54
        }
      },
      "87": {
        "start": {
          "line": 179,
          "column": 12
        },
        "end": {
          "line": 187,
          "column": 13
        }
      },
      "88": {
        "start": {
          "line": 180,
          "column": 16
        },
        "end": {
          "line": 180,
          "column": 43
        }
      },
      "89": {
        "start": {
          "line": 183,
          "column": 16
        },
        "end": {
          "line": 186,
          "column": 19
        }
      },
      "90": {
        "start": {
          "line": 189,
          "column": 12
        },
        "end": {
          "line": 189,
          "column": 60
        }
      },
      "91": {
        "start": {
          "line": 190,
          "column": 12
        },
        "end": {
          "line": 190,
          "column": 44
        }
      },
      "92": {
        "start": {
          "line": 190,
          "column": 37
        },
        "end": {
          "line": 190,
          "column": 42
        }
      },
      "93": {
        "start": {
          "line": 196,
          "column": 33
        },
        "end": {
          "line": 218,
          "column": 5
        }
      },
      "94": {
        "start": {
          "line": 197,
          "column": 8
        },
        "end": {
          "line": 199,
          "column": 9
        }
      },
      "95": {
        "start": {
          "line": 198,
          "column": 12
        },
        "end": {
          "line": 198,
          "column": 37
        }
      },
      "96": {
        "start": {
          "line": 201,
          "column": 8
        },
        "end": {
          "line": 217,
          "column": 9
        }
      },
      "97": {
        "start": {
          "line": 203,
          "column": 31
        },
        "end": {
          "line": 205,
          "column": 44
        }
      },
      "98": {
        "start": {
          "line": 204,
          "column": 32
        },
        "end": {
          "line": 204,
          "column": 72
        }
      },
      "99": {
        "start": {
          "line": 205,
          "column": 29
        },
        "end": {
          "line": 205,
          "column": 43
        }
      },
      "100": {
        "start": {
          "line": 207,
          "column": 12
        },
        "end": {
          "line": 209,
          "column": 13
        }
      },
      "101": {
        "start": {
          "line": 208,
          "column": 16
        },
        "end": {
          "line": 208,
          "column": 41
        }
      },
      "102": {
        "start": {
          "line": 212,
          "column": 35
        },
        "end": {
          "line": 212,
          "column": 68
        }
      },
      "103": {
        "start": {
          "line": 213,
          "column": 12
        },
        "end": {
          "line": 213,
          "column": 55
        }
      },
      "104": {
        "start": {
          "line": 215,
          "column": 12
        },
        "end": {
          "line": 215,
          "column": 74
        }
      },
      "105": {
        "start": {
          "line": 216,
          "column": 12
        },
        "end": {
          "line": 216,
          "column": 37
        }
      },
      "106": {
        "start": {
          "line": 220,
          "column": 25
        },
        "end": {
          "line": 262,
          "column": 5
        }
      },
      "107": {
        "start": {
          "line": 221,
          "column": 8
        },
        "end": {
          "line": 221,
          "column": 26
        }
      },
      "108": {
        "start": {
          "line": 224,
          "column": 8
        },
        "end": {
          "line": 227,
          "column": 9
        }
      },
      "109": {
        "start": {
          "line": 225,
          "column": 12
        },
        "end": {
          "line": 225,
          "column": 62
        }
      },
      "110": {
        "start": {
          "line": 226,
          "column": 12
        },
        "end": {
          "line": 226,
          "column": 19
        }
      },
      "111": {
        "start": {
          "line": 229,
          "column": 25
        },
        "end": {
          "line": 239,
          "column": 10
        }
      },
      "112": {
        "start": {
          "line": 241,
          "column": 21
        },
        "end": {
          "line": 241,
          "column": 42
        }
      },
      "113": {
        "start": {
          "line": 243,
          "column": 8
        },
        "end": {
          "line": 261,
          "column": 9
        }
      },
      "114": {
        "start": {
          "line": 244,
          "column": 12
        },
        "end": {
          "line": 244,
          "column": 32
        }
      },
      "115": {
        "start": {
          "line": 245,
          "column": 12
        },
        "end": {
          "line": 245,
          "column": 71
        }
      },
      "116": {
        "start": {
          "line": 248,
          "column": 33
        },
        "end": {
          "line": 253,
          "column": 13
        }
      },
      "117": {
        "start": {
          "line": 254,
          "column": 12
        },
        "end": {
          "line": 254,
          "column": 39
        }
      },
      "118": {
        "start": {
          "line": 255,
          "column": 12
        },
        "end": {
          "line": 258,
          "column": 15
        }
      },
      "119": {
        "start": {
          "line": 259,
          "column": 12
        },
        "end": {
          "line": 259,
          "column": 33
        }
      },
      "120": {
        "start": {
          "line": 260,
          "column": 12
        },
        "end": {
          "line": 260,
          "column": 61
        }
      },
      "121": {
        "start": {
          "line": 264,
          "column": 32
        },
        "end": {
          "line": 273,
          "column": 5
        }
      },
      "122": {
        "start": {
          "line": 265,
          "column": 8
        },
        "end": {
          "line": 265,
          "column": 35
        }
      },
      "123": {
        "start": {
          "line": 266,
          "column": 8
        },
        "end": {
          "line": 266,
          "column": 47
        }
      },
      "124": {
        "start": {
          "line": 267,
          "column": 8
        },
        "end": {
          "line": 272,
          "column": 11
        }
      },
      "125": {
        "start": {
          "line": 267,
          "column": 34
        },
        "end": {
          "line": 272,
          "column": 9
        }
      },
      "126": {
        "start": {
          "line": 275,
          "column": 25
        },
        "end": {
          "line": 310,
          "column": 5
        }
      },
      "127": {
        "start": {
          "line": 276,
          "column": 8
        },
        "end": {
          "line": 309,
          "column": 9
        }
      },
      "128": {
        "start": {
          "line": 277,
          "column": 29
        },
        "end": {
          "line": 282,
          "column": 14
        }
      },
      "129": {
        "start": {
          "line": 284,
          "column": 12
        },
        "end": {
          "line": 302,
          "column": 13
        }
      },
      "130": {
        "start": {
          "line": 285,
          "column": 37
        },
        "end": {
          "line": 285,
          "column": 58
        }
      },
      "131": {
        "start": {
          "line": 287,
          "column": 45
        },
        "end": {
          "line": 292,
          "column": 17
        }
      },
      "132": {
        "start": {
          "line": 293,
          "column": 16
        },
        "end": {
          "line": 293,
          "column": 50
        }
      },
      "133": {
        "start": {
          "line": 294,
          "column": 16
        },
        "end": {
          "line": 294,
          "column": 62
        }
      },
      "134": {
        "start": {
          "line": 295,
          "column": 16
        },
        "end": {
          "line": 295,
          "column": 51
        }
      },
      "135": {
        "start": {
          "line": 297,
          "column": 16
        },
        "end": {
          "line": 300,
          "column": 19
        }
      },
      "136": {
        "start": {
          "line": 301,
          "column": 16
        },
        "end": {
          "line": 301,
          "column": 37
        }
      },
      "137": {
        "start": {
          "line": 304,
          "column": 12
        },
        "end": {
          "line": 304,
          "column": 63
        }
      },
      "138": {
        "start": {
          "line": 305,
          "column": 12
        },
        "end": {
          "line": 308,
          "column": 15
        }
      },
      "139": {
        "start": {
          "line": 314,
          "column": 4
        },
        "end": {
          "line": 384,
          "column": 5
        }
      },
      "140": {
        "start": {
          "line": 341,
          "column": 37
        },
        "end": {
          "line": 341,
          "column": 66
        }
      },
      "141": {
        "start": {
          "line": 347,
          "column": 37
        },
        "end": {
          "line": 347,
          "column": 72
        }
      }
    },
    "fnMap": {
      "0": {
        "name": "(anonymous_0)",
        "decl": {
          "start": {
            "line": 10,
            "column": 18
          },
          "end": {
            "line": 10,
            "column": 19
          }
        },
        "loc": {
          "start": {
            "line": 10,
            "column": 32
          },
          "end": {
            "line": 385,
            "column": 1
          }
        },
        "line": 10
      },
      "1": {
        "name": "(anonymous_1)",
        "decl": {
          "start": {
            "line": 25,
            "column": 14
          },
          "end": {
            "line": 25,
            "column": 15
          }
        },
        "loc": {
          "start": {
            "line": 25,
            "column": 20
          },
          "end": {
            "line": 52,
            "column": 5
          }
        },
        "line": 25
      },
      "2": {
        "name": "(anonymous_2)",
        "decl": {
          "start": {
            "line": 26,
            "column": 31
          },
          "end": {
            "line": 26,
            "column": 32
          }
        },
        "loc": {
          "start": {
            "line": 26,
            "column": 43
          },
          "end": {
            "line": 49,
            "column": 9
          }
        },
        "line": 26
      },
      "3": {
        "name": "(anonymous_3)",
        "decl": {
          "start": {
            "line": 41,
            "column": 61
          },
          "end": {
            "line": 41,
            "column": 62
          }
        },
        "loc": {
          "start": {
            "line": 41,
            "column": 75
          },
          "end": {
            "line": 45,
            "column": 17
          }
        },
        "line": 41
      },
      "4": {
        "name": "(anonymous_4)",
        "decl": {
          "start": {
            "line": 54,
            "column": 14
          },
          "end": {
            "line": 54,
            "column": 15
          }
        },
        "loc": {
          "start": {
            "line": 54,
            "column": 20
          },
          "end": {
            "line": 58,
            "column": 5
          }
        },
        "line": 54
      },
      "5": {
        "name": "(anonymous_5)",
        "decl": {
          "start": {
            "line": 61,
            "column": 14
          },
          "end": {
            "line": 61,
            "column": 15
          }
        },
        "loc": {
          "start": {
            "line": 61,
            "column": 20
          },
          "end": {
            "line": 145,
            "column": 5
          }
        },
        "line": 61
      },
      "6": {
        "name": "(anonymous_6)",
        "decl": {
          "start": {
            "line": 64,
            "column": 26
          },
          "end": {
            "line": 64,
            "column": 27
          }
        },
        "loc": {
          "start": {
            "line": 64,
            "column": 38
          },
          "end": {
            "line": 132,
            "column": 9
          }
        },
        "line": 64
      },
      "7": {
        "name": "(anonymous_7)",
        "decl": {
          "start": {
            "line": 74,
            "column": 70
          },
          "end": {
            "line": 74,
            "column": 71
          }
        },
        "loc": {
          "start": {
            "line": 74,
            "column": 84
          },
          "end": {
            "line": 78,
            "column": 17
          }
        },
        "line": 74
      },
      "8": {
        "name": "(anonymous_8)",
        "decl": {
          "start": {
            "line": 80,
            "column": 40
          },
          "end": {
            "line": 80,
            "column": 41
          }
        },
        "loc": {
          "start": {
            "line": 80,
            "column": 50
          },
          "end": {
            "line": 90,
            "column": 17
          }
        },
        "line": 80
      },
      "9": {
        "name": "(anonymous_9)",
        "decl": {
          "start": {
            "line": 93,
            "column": 70
          },
          "end": {
            "line": 93,
            "column": 71
          }
        },
        "loc": {
          "start": {
            "line": 93,
            "column": 84
          },
          "end": {
            "line": 96,
            "column": 17
          }
        },
        "line": 93
      },
      "10": {
        "name": "(anonymous_10)",
        "decl": {
          "start": {
            "line": 98,
            "column": 70
          },
          "end": {
            "line": 98,
            "column": 71
          }
        },
        "loc": {
          "start": {
            "line": 98,
            "column": 84
          },
          "end": {
            "line": 102,
            "column": 17
          }
        },
        "line": 98
      },
      "11": {
        "name": "(anonymous_11)",
        "decl": {
          "start": {
            "line": 141,
            "column": 15
          },
          "end": {
            "line": 141,
            "column": 16
          }
        },
        "loc": {
          "start": {
            "line": 141,
            "column": 21
          },
          "end": {
            "line": 144,
            "column": 9
          }
        },
        "line": 141
      },
      "12": {
        "name": "(anonymous_12)",
        "decl": {
          "start": {
            "line": 147,
            "column": 25
          },
          "end": {
            "line": 147,
            "column": 26
          }
        },
        "loc": {
          "start": {
            "line": 147,
            "column": 37
          },
          "end": {
            "line": 163,
            "column": 5
          }
        },
        "line": 147
      },
      "13": {
        "name": "(anonymous_13)",
        "decl": {
          "start": {
            "line": 165,
            "column": 28
          },
          "end": {
            "line": 165,
            "column": 29
          }
        },
        "loc": {
          "start": {
            "line": 165,
            "column": 40
          },
          "end": {
            "line": 192,
            "column": 5
          }
        },
        "line": 165
      },
      "14": {
        "name": "(anonymous_14)",
        "decl": {
          "start": {
            "line": 166,
            "column": 23
          },
          "end": {
            "line": 166,
            "column": 24
          }
        },
        "loc": {
          "start": {
            "line": 166,
            "column": 33
          },
          "end": {
            "line": 166,
            "column": 38
          }
        },
        "line": 166
      },
      "15": {
        "name": "(anonymous_15)",
        "decl": {
          "start": {
            "line": 190,
            "column": 27
          },
          "end": {
            "line": 190,
            "column": 28
          }
        },
        "loc": {
          "start": {
            "line": 190,
            "column": 37
          },
          "end": {
            "line": 190,
            "column": 42
          }
        },
        "line": 190
      },
      "16": {
        "name": "(anonymous_16)",
        "decl": {
          "start": {
            "line": 196,
            "column": 33
          },
          "end": {
            "line": 196,
            "column": 34
          }
        },
        "loc": {
          "start": {
            "line": 196,
            "column": 39
          },
          "end": {
            "line": 218,
            "column": 5
          }
        },
        "line": 196
      },
      "17": {
        "name": "(anonymous_17)",
        "decl": {
          "start": {
            "line": 204,
            "column": 24
          },
          "end": {
            "line": 204,
            "column": 25
          }
        },
        "loc": {
          "start": {
            "line": 204,
            "column": 32
          },
          "end": {
            "line": 204,
            "column": 72
          }
        },
        "line": 204
      },
      "18": {
        "name": "(anonymous_18)",
        "decl": {
          "start": {
            "line": 205,
            "column": 21
          },
          "end": {
            "line": 205,
            "column": 22
          }
        },
        "loc": {
          "start": {
            "line": 205,
            "column": 29
          },
          "end": {
            "line": 205,
            "column": 43
          }
        },
        "line": 205
      },
      "19": {
        "name": "(anonymous_19)",
        "decl": {
          "start": {
            "line": 220,
            "column": 25
          },
          "end": {
            "line": 220,
            "column": 26
          }
        },
        "loc": {
          "start": {
            "line": 220,
            "column": 38
          },
[...]
        },
        "end": {
          "line": 6,
          "column": 50
        }
      },
      "2": {
        "start": {
          "line": 7,
          "column": 28
        },
        "end": {
          "line": 7,
          "column": 45
        }
      },
      "3": {
        "start": {
          "line": 8,
          "column": 21
        },
        "end": {
          "line": 8,
          "column": 37
        }
      },
      "4": {
        "start": {
          "line": 10,
          "column": 4
        },
        "end": {
          "line": 46,
          "column": 20
        }
      },
      "5": {
        "start": {
          "line": 11,
          "column": 26
        },
        "end": {
          "line": 41,
          "column": 9
        }
      },
      "6": {
        "start": {
          "line": 12,
          "column": 12
        },
        "end": {
          "line": 40,
          "column": 13
        }
      },
      "7": {
        "start": {
          "line": 13,
          "column": 16
        },
        "end": {
          "line": 13,
          "column": 66
        }
      },
      "8": {
        "start": {
          "line": 14,
          "column": 28
        },
        "end": {
          "line": 14,
          "column": 71
        }
      },
      "9": {
        "start": {
          "line": 16,
          "column": 33
        },
        "end": {
          "line": 20,
          "column": 18
        }
      },
      "10": {
        "start": {
          "line": 21,
          "column": 29
        },
        "end": {
          "line": 21,
          "column": 50
        }
      },
      "11": {
        "start": {
          "line": 23,
          "column": 16
        },
        "end": {
          "line": 37,
          "column": 17
        }
      },
      "12": {
        "start": {
          "line": 24,
          "column": 20
        },
        "end": {
          "line": 28,
          "column": 25
        }
      },
      "13": {
        "start": {
          "line": 24,
          "column": 71
        },
        "end": {
          "line": 28,
          "column": 21
        }
      },
      "14": {
        "start": {
          "line": 31,
          "column": 39
        },
        "end": {
          "line": 33,
          "column": 37
        }
      },
      "15": {
        "start": {
          "line": 32,
          "column": 40
        },
        "end": {
          "line": 32,
          "column": 87
        }
      },
      "16": {
        "start": {
          "line": 34,
          "column": 20
        },
        "end": {
          "line": 34,
          "column": 45
        }
      },
      "17": {
        "start": {
          "line": 36,
          "column": 20
        },
        "end": {
          "line": 36,
          "column": 81
        }
      },
      "18": {
        "start": {
          "line": 39,
          "column": 16
        },
        "end": {
          "line": 39,
          "column": 72
        }
      },
      "19": {
        "start": {
          "line": 43,
          "column": 8
        },
        "end": {
          "line": 45,
          "column": 9
        }
      },
      "20": {
        "start": {
          "line": 44,
          "column": 12
        },
        "end": {
          "line": 44,
          "column": 23
        }
      },
      "21": {
        "start": {
          "line": 48,
          "column": 24
        },
        "end": {
          "line": 52,
          "column": 5
        }
      },
      "22": {
        "start": {
          "line": 49,
          "column": 24
        },
        "end": {
          "line": 49,
          "column": 43
        }
      },
      "23": {
        "start": {
          "line": 50,
          "column": 8
        },
        "end": {
          "line": 50,
          "column": 55
        }
      },
      "24": {
        "start": {
          "line": 51,
          "column": 8
        },
        "end": {
          "line": 51,
          "column": 24
        }
      },
      "25": {
        "start": {
          "line": 54,
          "column": 30
        },
        "end": {
          "line": 65,
          "column": 5
        }
      },
      "26": {
        "start": {
          "line": 55,
          "column": 8
        },
        "end": {
          "line": 64,
          "column": 9
        }
      },
      "27": {
        "start": {
          "line": 57,
          "column": 16
        },
        "end": {
          "line": 57,
          "column": 38
        }
      },
      "28": {
        "start": {
          "line": 59,
          "column": 16
        },
        "end": {
          "line": 59,
          "column": 39
        }
      },
      "29": {
        "start": {
          "line": 61,
          "column": 16
        },
        "end": {
          "line": 61,
          "column": 40
        }
      },
      "30": {
        "start": {
          "line": 63,
          "column": 16
        },
        "end": {
          "line": 63,
          "column": 32
        }
      },
      "31": {
        "start": {
          "line": 67,
          "column": 4
        },
        "end": {
          "line": 97,
          "column": 5
        }
      }
    },
    "fnMap": {
      "0": {
        "name": "(anonymous_0)",
        "decl": {
          "start": {
            "line": 5,
            "column": 20
          },
          "end": {
            "line": 5,
            "column": 21
          }
        },
        "loc": {
          "start": {
            "line": 5,
            "column": 26
          },
          "end": {
            "line": 98,
            "column": 1
          }
        },
        "line": 5
      },
      "1": {
        "name": "(anonymous_1)",
        "decl": {
          "start": {
            "line": 10,
            "column": 14
          },
          "end": {
            "line": 10,
            "column": 15
          }
        },
        "loc": {
          "start": {
            "line": 10,
            "column": 20
          },
          "end": {
            "line": 46,
            "column": 5
          }
        },
        "line": 10
      },
      "2": {
        "name": "(anonymous_2)",
        "decl": {
          "start": {
            "line": 11,
            "column": 26
          },
          "end": {
            "line": 11,
            "column": 27
          }
        },
        "loc": {
          "start": {
            "line": 11,
            "column": 38
          },
          "end": {
            "line": 41,
            "column": 9
          }
        },
        "line": 11
      },
      "3": {
        "name": "(anonymous_3)",
        "decl": {
          "start": {
            "line": 24,
            "column": 65
          },
          "end": {
            "line": 24,
            "column": 66
          }
        },
        "loc": {
          "start": {
            "line": 24,
            "column": 71
          },
          "end": {
            "line": 28,
            "column": 21
          }
        },
        "line": 24
      },
      "4": {
        "name": "(anonymous_4)",
        "decl": {
          "start": {
            "line": 32,
            "column": 30
          },
          "end": {
            "line": 32,
            "column": 31
          }
        },
        "loc": {
          "start": {
            "line": 32,
            "column": 40
          },
          "end": {
            "line": 32,
            "column": 87
          }
        },
        "line": 32
      },
      "5": {
        "name": "(anonymous_5)",
        "decl": {
          "start": {
            "line": 48,
            "column": 24
          },
          "end": {
            "line": 48,
            "column": 25
          }
        },
        "loc": {
          "start": {
            "line": 48,
            "column": 31
          },
          "end": {
            "line": 52,
            "column": 5
          }
        },
        "line": 48
      },
      "6": {
        "name": "(anonymous_6)",
        "decl": {
          "start": {
            "line": 54,
            "column": 30
          },
          "end": {
            "line": 54,
            "column": 31
          }
        },
        "loc": {
          "start": {
            "line": 54,
            "column": 40
          },
          "end": {
            "line": 65,
            "column": 5
          }
        },
        "line": 54
      }
    },
    "branchMap": {
      "0": {
        "loc": {
          "start": {
            "line": 23,
            "column": 16
          },
          "end": {
            "line": 37,
            "column": 17
          }
        },
        "type": "if",
        "locations": [
          {
            "start": {
              "line": 23,
              "column": 16
            },
            "end": {
              "line": 37,
              "column": 17
            }
          },
          {
            "start": {
              "line": 23,
              "column": 16
            },
            "end": {
              "line": 37,
              "column": 17
            }
          }
        ],
        "line": 23
      },
      "1": {
        "loc": {
          "start": {
            "line": 32,
            "column": 41
          },
          "end": {
            "line": 32,
            "column": 61
          }
        },
        "type": "binary-expr",
        "locations": [
          {
            "start": {
              "line": 32,
              "column": 41
            },
            "end": {
              "line": 32,
              "column": 56
            }
          },
          {
            "start": {
              "line": 32,
              "column": 60
            },
            "end": {
              "line": 32,
              "column": 61
            }
          }
        ],
        "line": 32
      },
      "2": {
        "loc": {
          "start": {
            "line": 32,
            "column": 66
          },
          "end": {
            "line": 32,
            "column": 86
          }
        },
        "type": "binary-expr",
        "locations": [
          {
            "start": {
              "line": 32,
              "column": 66
            },
            "end": {
              "line": 32,
              "column": 81
            }
          },
          {
            "start": {
              "line": 32,
              "column": 85
            },
            "end": {
              "line": 32,
              "column": 86
            }
          }
        ],
        "line": 32
      },
      "3": {
        "loc": {
          "start": {
            "line": 43,
            "column": 8
          },
          "end": {
            "line": 45,
            "column": 9
          }
        },
        "type": "if",
        "locations": [
          {
            "start": {
              "line": 43,
              "column": 8
            },
            "end": {
              "line": 45,
              "column": 9
            }
          },
          {
            "start": {
              "line": 43,
              "column": 8
            },
            "end": {
              "line": 45,
              "column": 9
            }
          }
        ],
        "line": 43
      },
      "4": {
        "loc": {
          "start": {
            "line": 55,
            "column": 8
          },
          "end": {
            "line": 64,
            "column": 9
          }
        },
        "type": "switch",
        "locations": [
          {
            "start": {
              "line": 56,
              "column": 12
            },
            "end": {
              "line": 57,
              "column": 38
            }
          },
          {
            "start": {
              "line": 58,
              "column": 12
            },
            "end": {
              "line": 59,
              "column": 39
            }
          },
          {
            "start": {
              "line": 60,
              "column": 12
            },
            "end": {
              "line": 61,
              "column": 40
            }
          },
          {
            "start": {
              "line": 62,
              "column": 12
            },
            "end": {
              "line": 63,
              "column": 32
            }
          }
        ],
        "line": 55
      },
      "5": {
        "loc": {
          "start": {
            "line": 75,
            "column": 31
          },
          "end": {
            "line": 75,
            "column": 63
          }
        },
        "type": "cond-expr",
        "locations": [
          {
            "start": {
              "line": 75,
              "column": 50
            },
            "end": {
              "line": 75,
              "column": 58
            }
          },
          {
            "start": {
              "line": 75,
              "column": 61
            },
            "end": {
              "line": 75,
              "column": 63
            }
          }
        ],
        "line": 75
      },
      "6": {
        "loc": {
          "start": {
            "line": 82,
            "column": 31
          },
          "end": {
            "line": 82,
            "column": 64
          }
        },
        "type": "cond-expr",
        "locations": [
          {
            "start": {
              "line": 82,
              "column": 51
            },
            "end": {
              "line": 82,
              "column": 59
            }
          },
          {
            "start": {
              "line": 82,
              "column": 62
            },
            "end": {
              "line": 82,
              "column": 64
            }
          }
        ],
        "line": 82
      },
      "7": {
        "loc": {
          "start": {
            "line": 89,
            "column": 31
          },
          "end": {
            "line": 89,
            "column": 65
          }
        },
        "type": "cond-expr",
        "locations": [
          {
            "start": {
              "line": 89,
              "column": 52
            },
            "end": {
              "line": 89,
              "column": 60
            }
          },
          {
            "start": {
              "line": 89,
              "column": 63
            },
            "end": {
              "line": 89,
              "column": 65
            }
          }
        ],
        "line": 89
      }
    },
    "s": {
      "0": 12,
      "1": 4,
      "2": 4,
      "3": 4,
      "4": 4,
      "5": 2,
      "6": 2,
      "7": 2,
      "8": 2,
      "9": 2,
      "10": 1,
      "11": 1,
      "12": 1,
      "13": 10,
      "14": 1,
      "15": 9,
      "16": 1,
      "17": 0,
      "18": 0,
      "19": 2,
      "20": 2,
      "21": 4,
      "22": 0,
      "23": 0,
      "24": 0,
      "25": 4,
      "26": 4,
      "27": 4,
      "28": 0,
      "29": 0,
      "30": 0,
      "31": 4
    },
    "f": {
      "0": 4,
      "1": 2,
      "2": 2,
      "3": 10,
      "4": 9,
      "5": 0,
      "6": 4
    },
    "b": {
      "0": [
        1,
        0
      ],
      "1": [
        9,
        0
      ],
      "2": [
        9,
        0
      ],
      "3": [
        2,
        0
      ],
      "4": [
        4,
        0,
        0,
        0
      ],
      "5": [
        4,
        0
      ],
      "6": [
        0,
        4
      ],
      "7": [
        0,
        4
      ]
    },
    "_coverageSchema": "1a1c01bbd47fc00a2c39e90264f33305004495a9",
    "hash": "fe3c8854770ce092311ac662ca41a5f8cd931f43"
  },
  "C:\\Users\\Petrus\\Documents\\AccountabilityHack\\Full-Stack-Project---Accountability-Hack\\mern_stack\\frontend\\src\\App.js": {
    "path": "C:\\Users\\Petrus\\Documents\\AccountabilityHack\\Full-Stack-Project---Accountability-Hack\\mern_stack\\frontend\\src\\App.js",
    "statementMap": {
      "0": {
        "start": {
          "line": 14,
          "column": 17
        },
        "end": {
          "line": 14,
          "column": 33
        }
      },
      "1": {
        "start": {
          "line": 16,
          "column": 2
        },
        "end": {
          "line": 47,
          "column": 4
        }
      }
    },
    "fnMap": {
      "0": {
        "name": "App",
        "decl": {
          "start": {
            "line": 13,
            "column": 9
          },
          "end": {
            "line": 13,
            "column": 12
          }
        },
        "loc": {
          "start": {
            "line": 13,
            "column": 15
          },
          "end": {
            "line": 48,
            "column": 1
          }
        },
        "line": 13
      }
    },
    "branchMap": {
      "0": {
        "loc": {
          "start": {
            "line": 24,
            "column": 25
          },
          "end": {
            "line": 24,
            "column": 68
          }
        },
        "type": "cond-expr",
        "locations": [
          {
            "start": {
              "line": 24,
              "column": 32
            },
            "end": {
              "line": 24,
              "column": 40
            }
          },
          {
            "start": {
              "line": 24,
              "column": 43
            },
            "end": {
              "line": 24,
              "column": 68
            }
          }
        ],
        "line": 24
      },
      "1": {
        "loc": {
          "start": {
            "line": 28,
            "column": 25
          },
          "end": {
            "line": 28,
            "column": 64
          }
        },
        "type": "cond-expr",
        "locations": [
          {
            "start": {
              "line": 28,
              "column": 33
            },
            "end": {
              "line": 28,
              "column": 42
            }
          },
          {
            "start": {
              "line": 28,
              "column": 45
            },
            "end": {
              "line": 28,
              "column": 64
            }
          }
        ],
        "line": 28
      },
      "2": {
        "loc": {
          "start": {
            "line": 32,
            "column": 25
          },
          "end": {
            "line": 32,
            "column": 66
          }
        },
        "type": "cond-expr",
        "locations": [
          {
            "start": {
              "line": 32,
              "column": 33
            },
            "end": {
              "line": 32,
              "column": 43
            }
          },
          {
            "start": {
              "line": 32,
              "column": 46
            },
            "end": {
              "line": 32,
              "column": 66
            }
          }
        ],
        "line": 32
      }
    },
    "s": {
      "0": 46,
      "1": 46
    },
    "f": {
      "0": 46
    },
    "b": {
      "0": [
        20,
        26
      ],
      "1": [
        26,
        20
      ],
      "2": [
        26,
        20
      ]
    },
    "_coverageSchema": "1a1c01bbd47fc00a2c39e90264f33305004495a9",
    "hash": "4b40017ff8770cee01db7f8b40e7436b3a6bc885"
  },
  "C:\\Users\\Petrus\\Documents\\AccountabilityHack\\Full-Stack-Project---Accountability-Hack\\mern_stack\\frontend\\src\\index.js": {
    "path": "C:\\Users\\Petrus\\Documents\\AccountabilityHack\\Full-Stack-Project---Accountability-Hack\\mern_stack\\frontend\\src\\index.js",
    "statementMap": {
      "0": {
        "start": {
          "line": 8,
          "column": 13
        },
        "end": {
          "line": 8,
          "column": 65
        }
      },
      "1": {
        "start": {
          "line": 9,
          "column": 0
        },
        "end": {
          "line": 17,
          "column": 2
        }
      }
    },
    "fnMap": {},
    "branchMap": {},
    "s": {
      "0": 12,
      "1": 12
    },
    "f": {},
    "b": {},
    "_coverageSchema": "1a1c01bbd47fc00a2c39e90264f33305004495a9",
    "hash": "dae7b3aa51116328d015da1efc2b7379b0f9a801"
  }
}