{"C:\\Users\\mimia\\Documents\\CS 321\\Account Hack\\Full-Stack-Project---Accountability-Hack\\mern_stack\\backend\\controllers\\habitController.js": {"path":"C:\\Users\\mimia\\Documents\\CS 321\\Account Hack\\Full-Stack-Project---Accountability-Hack\\mern_stack\\backend\\controllers\\habitController.js","statementMap":{"0":{"start":{"line":1,"column":14},"end":{"line":1,"column":45}},"1":{"start":{"line":2,"column":17},"end":{"line":2,"column":36}},"2":{"start":{"line":3,"column":38},"end":{"line":3,"column":68}},"3":{"start":{"line":5,"column":18},"end":{"line":53,"column":1}},"4":{"start":{"line":6,"column":36},"end":{"line":6,"column":44}},"5":{"start":{"line":8,"column":1},"end":{"line":52,"column":2}},"6":{"start":{"line":9,"column":18},"end":{"line":9,"column":30}},"7":{"start":{"line":10,"column":16},"end":{"line":10,"column":51}},"8":{"start":{"line":12,"column":2},"end":{"line":14,"column":3}},"9":{"start":{"line":13,"column":3},"end":{"line":13,"column":56}},"10":{"start":{"line":18,"column":30},"end":{"line":20,"column":9}},"11":{"start":{"line":19,"column":23},"end":{"line":19,"column":69}},"12":{"start":{"line":22,"column":8},"end":{"line":24,"column":9}},"13":{"start":{"line":23,"column":12},"end":{"line":23,"column":90}},"14":{"start":{"line":26,"column":16},"end":{"line":26,"column":27}},"15":{"start":{"line":27,"column":22},"end":{"line":27,"column":39}},"16":{"start":{"line":28,"column":20},"end":{"line":28,"column":35}},"17":{"start":{"line":29,"column":20},"end":{"line":29,"column":25}},"18":{"start":{"line":30,"column":17},"end":{"line":33,"column":4}},"19":{"start":{"line":35,"column":22},"end":{"line":35,"column":101}},"20":{"start":{"line":37,"column":2},"end":{"line":47,"column":4}},"21":{"start":{"line":48,"column":2},"end":{"line":48,"column":42}},"22":{"start":{"line":51,"column":2},"end":{"line":51,"column":59}},"23":{"start":{"line":55,"column":24},"end":{"line":65,"column":1}},"24":{"start":{"line":56,"column":21},"end":{"line":56,"column":40}},"25":{"start":{"line":58,"column":4},"end":{"line":64,"column":5}},"26":{"start":{"line":59,"column":23},"end":{"line":59,"column":101}},"27":{"start":{"line":60,"column":8},"end":{"line":60,"column":37}},"28":{"start":{"line":63,"column":8},"end":{"line":63,"column":53}},"29":{"start":{"line":67,"column":18},"end":{"line":71,"column":1}},"30":{"start":{"line":68,"column":17},"end":{"line":68,"column":29}},"31":{"start":{"line":69,"column":19},"end":{"line":69,"column":67}},"32":{"start":{"line":70,"column":4},"end":{"line":70,"column":32}},"33":{"start":{"line":74,"column":17},"end":{"line":88,"column":1}},"34":{"start":{"line":75,"column":19},"end":{"line":75,"column":29}},"35":{"start":{"line":77,"column":4},"end":{"line":79,"column":5}},"36":{"start":{"line":78,"column":8},"end":{"line":78,"column":61}},"37":{"start":{"line":81,"column":18},"end":{"line":81,"column":42}},"38":{"start":{"line":83,"column":4},"end":{"line":85,"column":5}},"39":{"start":{"line":84,"column":8},"end":{"line":84,"column":61}},"40":{"start":{"line":87,"column":4},"end":{"line":87,"column":31}},"41":{"start":{"line":91,"column":20},"end":{"line":120,"column":1}},"42":{"start":{"line":92,"column":44},"end":{"line":92,"column":52}},"43":{"start":{"line":94,"column":4},"end":{"line":119,"column":5}},"44":{"start":{"line":95,"column":24},"end":{"line":95,"column":36}},"45":{"start":{"line":96,"column":8},"end":{"line":101,"column":11}},"46":{"start":{"line":104,"column":8},"end":{"line":106,"column":9}},"47":{"start":{"line":105,"column":12},"end":{"line":105,"column":84}},"48":{"start":{"line":108,"column":22},"end":{"line":113,"column":10}},"49":{"start":{"line":114,"column":8},"end":{"line":114,"column":45}},"50":{"start":{"line":115,"column":8},"end":{"line":115,"column":35}},"51":{"start":{"line":117,"column":8},"end":{"line":117,"column":54}},"52":{"start":{"line":118,"column":8},"end":{"line":118,"column":52}},"53":{"start":{"line":122,"column":20},"end":{"line":136,"column":1}},"54":{"start":{"line":123,"column":19},"end":{"line":123,"column":29}},"55":{"start":{"line":125,"column":4},"end":{"line":127,"column":5}},"56":{"start":{"line":126,"column":8},"end":{"line":126,"column":61}},"57":{"start":{"line":129,"column":18},"end":{"line":129,"column":57}},"58":{"start":{"line":131,"column":4},"end":{"line":133,"column":5}},"59":{"start":{"line":132,"column":8},"end":{"line":132,"column":61}},"60":{"start":{"line":135,"column":4},"end":{"line":135,"column":31}},"61":{"start":{"line":138,"column":20},"end":{"line":154,"column":1}},"62":{"start":{"line":139,"column":19},"end":{"line":139,"column":29}},"63":{"start":{"line":141,"column":4},"end":{"line":143,"column":5}},"64":{"start":{"line":142,"column":8},"end":{"line":142,"column":61}},"65":{"start":{"line":145,"column":18},"end":{"line":147,"column":6}},"66":{"start":{"line":149,"column":4},"end":{"line":151,"column":5}},"67":{"start":{"line":150,"column":8},"end":{"line":150,"column":61}},"68":{"start":{"line":153,"column":4},"end":{"line":153,"column":31}},"69":{"start":{"line":155,"column":22},"end":{"line":196,"column":1}},"70":{"start":{"line":156,"column":19},"end":{"line":156,"column":29}},"71":{"start":{"line":157,"column":4},"end":{"line":157,"column":40}},"72":{"start":{"line":159,"column":4},"end":{"line":161,"column":5}},"73":{"start":{"line":160,"column":8},"end":{"line":160,"column":67}},"74":{"start":{"line":163,"column":18},"end":{"line":163,"column":42}},"75":{"start":{"line":164,"column":4},"end":{"line":166,"column":5}},"76":{"start":{"line":165,"column":8},"end":{"line":165,"column":66}},"77":{"start":{"line":169,"column":4},"end":{"line":171,"column":5}},"78":{"start":{"line":170,"column":8},"end":{"line":170,"column":31}},"79":{"start":{"line":173,"column":18},"end":{"line":173,"column":28}},"80":{"start":{"line":174,"column":4},"end":{"line":174,"column":31}},"81":{"start":{"line":175,"column":28},"end":{"line":175,"column":48}},"82":{"start":{"line":177,"column":28},"end":{"line":181,"column":6}},"83":{"start":{"line":178,"column":26},"end":{"line":178,"column":41}},"84":{"start":{"line":179,"column":8},"end":{"line":179,"column":39}},"85":{"start":{"line":180,"column":8},"end":{"line":180,"column":60}},"86":{"start":{"line":183,"column":4},"end":{"line":189,"column":5}},"87":{"start":{"line":185,"column":8},"end":{"line":185,"column":38}},"88":{"start":{"line":188,"column":8},"end":{"line":188,"column":53}},"89":{"start":{"line":191,"column":4},"end":{"line":191,"column":77}},"90":{"start":{"line":193,"column":4},"end":{"line":193,"column":37}},"91":{"start":{"line":194,"column":4},"end":{"line":194,"column":23}},"92":{"start":{"line":195,"column":4},"end":{"line":195,"column":32}},"93":{"start":{"line":198,"column":35},"end":{"line":243,"column":1}},"94":{"start":{"line":199,"column":4},"end":{"line":242,"column":5}},"95":{"start":{"line":200,"column":30},"end":{"line":200,"column":39}},"96":{"start":{"line":201,"column":8},"end":{"line":201,"column":55}},"97":{"start":{"line":204,"column":23},"end":{"line":204,"column":41}},"98":{"start":{"line":205,"column":8},"end":{"line":205,"column":58}},"99":{"start":{"line":208,"column":21},"end":{"line":208,"column":51}},"100":{"start":{"line":209,"column":22},"end":{"line":209,"column":54}},"101":{"start":{"line":210,"column":24},"end":{"line":210,"column":85}},"102":{"start":{"line":210,"column":50},"end":{"line":210,"column":83}},"103":{"start":{"line":213,"column":31},"end":{"line":218,"column":11}},"104":{"start":{"line":213,"column":52},"end":{"line":218,"column":9}},"105":{"start":{"line":221,"column":31},"end":{"line":223,"column":9}},"106":{"start":{"line":222,"column":12},"end":{"line":222,"column":88}},"107":{"start":{"line":225,"column":8},"end":{"line":225,"column":69}},"108":{"start":{"line":228,"column":29},"end":{"line":230,"column":25}},"109":{"start":{"line":229,"column":28},"end":{"line":229,"column":75}},"110":{"start":{"line":232,"column":8},"end":{"line":236,"column":13}},"111":{"start":{"line":232,"column":62},"end":{"line":236,"column":9}},"112":{"start":{"line":238,"column":8},"end":{"line":238,"column":43}},"113":{"start":{"line":240,"column":8},"end":{"line":240,"column":51}},"114":{"start":{"line":241,"column":8},"end":{"line":241,"column":55}},"115":{"start":{"line":245,"column":0},"end":{"line":255,"column":1}}},"fnMap":{"0":{"name":"(anonymous_0)","decl":{"start":{"line":5,"column":18},"end":{"line":5,"column":19}},"loc":{"start":{"line":5,"column":38},"end":{"line":53,"column":1}},"line":5},"1":{"name":"(anonymous_1)","decl":{"start":{"line":19,"column":12},"end":{"line":19,"column":13}},"loc":{"start":{"line":19,"column":23},"end":{"line":19,"column":69}},"line":19},"2":{"name":"(anonymous_2)","decl":{"start":{"line":55,"column":24},"end":{"line":55,"column":25}},"loc":{"start":{"line":55,"column":44},"end":{"line":65,"column":1}},"line":55},"3":{"name":"(anonymous_3)","decl":{"start":{"line":67,"column":18},"end":{"line":67,"column":19}},"loc":{"start":{"line":67,"column":38},"end":{"line":71,"column":1}},"line":67},"4":{"name":"(anonymous_4)","decl":{"start":{"line":74,"column":17},"end":{"line":74,"column":18}},"loc":{"start":{"line":74,"column":37},"end":{"line":88,"column":1}},"line":74},"5":{"name":"(anonymous_5)","decl":{"start":{"line":91,"column":20},"end":{"line":91,"column":21}},"loc":{"start":{"line":91,"column":40},"end":{"line":120,"column":1}},"line":91},"6":{"name":"(anonymous_6)","decl":{"start":{"line":122,"column":20},"end":{"line":122,"column":21}},"loc":{"start":{"line":122,"column":40},"end":{"line":136,"column":1}},"line":122},"7":{"name":"(anonymous_7)","decl":{"start":{"line":138,"column":20},"end":{"line":138,"column":21}},"loc":{"start":{"line":138,"column":40},"end":{"line":154,"column":1}},"line":138},"8":{"name":"(anonymous_8)","decl":{"start":{"line":155,"column":22},"end":{"line":155,"column":23}},"loc":{"start":{"line":155,"column":42},"end":{"line":196,"column":1}},"line":155},"9":{"name":"(anonymous_9)","decl":{"start":{"line":177,"column":56},"end":{"line":177,"column":57}},"loc":{"start":{"line":177,"column":67},"end":{"line":181,"column":5}},"line":177},"10":{"name":"(anonymous_10)","decl":{"start":{"line":198,"column":35},"end":{"line":198,"column":36}},"loc":{"start":{"line":198,"column":55},"end":{"line":243,"column":1}},"line":198},"11":{"name":"(anonymous_11)","decl":{"start":{"line":210,"column":42},"end":{"line":210,"column":43}},"loc":{"start":{"line":210,"column":50},"end":{"line":210,"column":83}},"line":210},"12":{"name":"(anonymous_12)","decl":{"start":{"line":213,"column":42},"end":{"line":213,"column":43}},"loc":{"start":{"line":213,"column":52},"end":{"line":218,"column":9}},"line":213},"13":{"name":"(anonymous_13)","decl":{"start":{"line":221,"column":53},"end":{"line":221,"column":54}},"loc":{"start":{"line":222,"column":12},"end":{"line":222,"column":88}},"line":222},"14":{"name":"(anonymous_14)","decl":{"start":{"line":229,"column":18},"end":{"line":229,"column":19}},"loc":{"start":{"line":229,"column":28},"end":{"line":229,"column":75}},"line":229},"15":{"name":"(anonymous_15)","decl":{"start":{"line":232,"column":56},"end":{"line":232,"column":57}},"loc":{"start":{"line":232,"column":62},"end":{"line":236,"column":9}},"line":232}},"branchMap":{"0":{"loc":{"start":{"line":12,"column":2},"end":{"line":14,"column":3}},"type":"if","locations":[{"start":{"line":12,"column":2},"end":{"line":14,"column":3}},{"start":{},"end":{}}],"line":12},"1":{"loc":{"start":{"line":22,"column":8},"end":{"line":24,"column":9}},"type":"if","locations":[{"start":{"line":22,"column":8},"end":{"line":24,"column":9}},{"start":{},"end":{}}],"line":22},"2":{"loc":{"start":{"line":77,"column":4},"end":{"line":79,"column":5}},"type":"if","locations":[{"start":{"line":77,"column":4},"end":{"line":79,"column":5}},{"start":{},"end":{}}],"line":77},"3":{"loc":{"start":{"line":83,"column":4},"end":{"line":85,"column":5}},"type":"if","locations":[{"start":{"line":83,"column":4},"end":{"line":85,"column":5}},{"start":{},"end":{}}],"line":83},"4":{"loc":{"start":{"line":104,"column":8},"end":{"line":106,"column":9}},"type":"if","locations":[{"start":{"line":104,"column":8},"end":{"line":106,"column":9}},{"start":{},"end":{}}],"line":104},"5":{"loc":{"start":{"line":104,"column":12},"end":{"line":104,"column":91}},"type":"binary-expr","locations":[{"start":{"line":104,"column":12},"end":{"line":104,"column":22}},{"start":{"line":104,"column":26},"end":{"line":104,"column":91}}],"line":104},"6":{"loc":{"start":{"line":125,"column":4},"end":{"line":127,"column":5}},"type":"if","locations":[{"start":{"line":125,"column":4},"end":{"line":127,"column":5}},{"start":{},"end":{}}],"line":125},"7":{"loc":{"start":{"line":131,"column":4},"end":{"line":133,"column":5}},"type":"if","locations":[{"start":{"line":131,"column":4},"end":{"line":133,"column":5}},{"start":{},"end":{}}],"line":131},"8":{"loc":{"start":{"line":141,"column":4},"end":{"line":143,"column":5}},"type":"if","locations":[{"start":{"line":141,"column":4},"end":{"line":143,"column":5}},{"start":{},"end":{}}],"line":141},"9":{"loc":{"start":{"line":149,"column":4},"end":{"line":151,"column":5}},"type":"if","locations":[{"start":{"line":149,"column":4},"end":{"line":151,"column":5}},{"start":{},"end":{}}],"line":149},"10":{"loc":{"start":{"line":159,"column":4},"end":{"line":161,"column":5}},"type":"if","locations":[{"start":{"line":159,"column":4},"end":{"line":161,"column":5}},{"start":{},"end":{}}],"line":159},"11":{"loc":{"start":{"line":164,"column":4},"end":{"line":166,"column":5}},"type":"if","locations":[{"start":{"line":164,"column":4},"end":{"line":166,"column":5}},{"start":{},"end":{}}],"line":164},"12":{"loc":{"start":{"line":169,"column":4},"end":{"line":171,"column":5}},"type":"if","locations":[{"start":{"line":169,"column":4},"end":{"line":171,"column":5}},{"start":{},"end":{}}],"line":169},"13":{"loc":{"start":{"line":183,"column":4},"end":{"line":189,"column":5}},"type":"if","locations":[{"start":{"line":183,"column":4},"end":{"line":189,"column":5}},{"start":{"line":186,"column":11},"end":{"line":189,"column":5}}],"line":183},"14":{"loc":{"start":{"line":222,"column":12},"end":{"line":222,"column":88}},"type":"binary-expr","locations":[{"start":{"line":222,"column":12},"end":{"line":222,"column":27}},{"start":{"line":222,"column":31},"end":{"line":222,"column":88}}],"line":222},"15":{"loc":{"start":{"line":229,"column":29},"end":{"line":229,"column":49}},"type":"binary-expr","locations":[{"start":{"line":229,"column":29},"end":{"line":229,"column":44}},{"start":{"line":229,"column":48},"end":{"line":229,"column":49}}],"line":229},"16":{"loc":{"start":{"line":229,"column":54},"end":{"line":229,"column":74}},"type":"binary-expr","locations":[{"start":{"line":229,"column":54},"end":{"line":229,"column":69}},{"start":{"line":229,"column":73},"end":{"line":229,"column":74}}],"line":229}},"s":{"0":2,"1":2,"2":2,"3":2,"4":4,"5":4,"6":4,"7":3,"8":3,"9":1,"10":2,"11":1,"12":2,"13":1,"14":1,"15":1,"16":1,"17":1,"18":1,"19":1,"20":1,"21":1,"22":1,"23":2,"24":0,"25":0,"26":0,"27":0,"28":0,"29":2,"30":1,"31":1,"32":1,"33":2,"34":7,"35":7,"36":2,"37":5,"38":5,"39":3,"40":2,"41":2,"42":2,"43":2,"44":2,"45":2,"46":2,"47":1,"48":1,"49":1,"50":1,"51":1,"52":1,"53":2,"54":3,"55":3,"56":1,"57":2,"58":2,"59":1,"60":1,"61":2,"62":6,"63":6,"64":1,"65":5,"66":5,"67":1,"68":4,"69":2,"70":5,"71":5,"72":5,"73":1,"74":4,"75":4,"76":1,"77":3,"78":1,"79":3,"80":3,"81":3,"82":3,"83":1,"84":1,"85":1,"86":3,"87":2,"88":1,"89":3,"90":3,"91":3,"92":3,"93":2,"94":0,"95":0,"96":0,"97":0,"98":0,"99":0,"100":0,"101":0,"102":0,"103":0,"104":0,"105":0,"106":0,"107":0,"108":0,"109":0,"110":0,"111":0,"112":0,"113":0,"114":0,"115":2},"f":{"0":4,"1":1,"2":0,"3":1,"4":7,"5":2,"6":3,"7":6,"8":5,"9":1,"10":0,"11":0,"12":0,"13":0,"14":0,"15":0},"b":{"0":[1,2],"1":[1,1],"2":[2,5],"3":[3,2],"4":[1,1],"5":[2,2],"6":[1,2],"7":[1,1],"8":[1,5],"9":[1,4],"10":[1,4],"11":[1,3],"12":[1,2],"13":[2,1],"14":[0,0],"15":[0,0],"16":[0,0]},"_coverageSchema":"1a1c01bbd47fc00a2c39e90264f33305004495a9","hash":"1ee1556528b2d74baae68748824f465a96216cfc"}
,"C:\\Users\\mimia\\Documents\\CS 321\\Account Hack\\Full-Stack-Project---Accountability-Hack\\mern_stack\\backend\\controllers\\userController.js": {"path":"C:\\Users\\mimia\\Documents\\CS 321\\Account Hack\\Full-Stack-Project---Accountability-Hack\\mern_stack\\backend\\controllers\\userController.js","statementMap":{"0":{"start":{"line":3,"column":13},"end":{"line":3,"column":43}},"1":{"start":{"line":4,"column":12},"end":{"line":4,"column":35}},"2":{"start":{"line":6,"column":20},"end":{"line":7,"column":60}},"3":{"start":{"line":7,"column":2},"end":{"line":7,"column":60}},"4":{"start":{"line":9,"column":18},"end":{"line":18,"column":1}},"5":{"start":{"line":10,"column":30},"end":{"line":10,"column":38}},"6":{"start":{"line":11,"column":2},"end":{"line":17,"column":3}},"7":{"start":{"line":12,"column":17},"end":{"line":12,"column":50}},"8":{"start":{"line":13,"column":18},"end":{"line":13,"column":39}},"9":{"start":{"line":14,"column":4},"end":{"line":14,"column":58}},"10":{"start":{"line":16,"column":4},"end":{"line":16,"column":49}},"11":{"start":{"line":20,"column":19},"end":{"line":29,"column":1}},"12":{"start":{"line":21,"column":30},"end":{"line":21,"column":38}},"13":{"start":{"line":22,"column":2},"end":{"line":28,"column":3}},"14":{"start":{"line":23,"column":17},"end":{"line":23,"column":51}},"15":{"start":{"line":24,"column":18},"end":{"line":24,"column":39}},"16":{"start":{"line":25,"column":4},"end":{"line":25,"column":58}},"17":{"start":{"line":27,"column":4},"end":{"line":27,"column":49}},"18":{"start":{"line":31,"column":26},"end":{"line":73,"column":1}},"19":{"start":{"line":32,"column":35},"end":{"line":32,"column":43}},"20":{"start":{"line":33,"column":2},"end":{"line":72,"column":3}},"21":{"start":{"line":34,"column":17},"end":{"line":34,"column":44}},"22":{"start":{"line":35,"column":19},"end":{"line":35,"column":52}},"23":{"start":{"line":38,"column":4},"end":{"line":38,"column":38}},"24":{"start":{"line":39,"column":4},"end":{"line":41,"column":5}},"25":{"start":{"line":40,"column":6},"end":{"line":40,"column":78}},"26":{"start":{"line":43,"column":4},"end":{"line":43,"column":55}},"27":{"start":{"line":44,"column":4},"end":{"line":44,"column":51}},"28":{"start":{"line":46,"column":4},"end":{"line":46,"column":32}},"29":{"start":{"line":47,"column":4},"end":{"line":60,"column":5}},"30":{"start":{"line":48,"column":6},"end":{"line":48,"column":31}},"31":{"start":{"line":50,"column":6},"end":{"line":52,"column":8}},"32":{"start":{"line":51,"column":14},"end":{"line":51,"column":53}},"33":{"start":{"line":54,"column":6},"end":{"line":54,"column":48}},"34":{"start":{"line":55,"column":6},"end":{"line":55,"column":48}},"35":{"start":{"line":57,"column":6},"end":{"line":57,"column":24}},"36":{"start":{"line":58,"column":6},"end":{"line":58,"column":26}},"37":{"start":{"line":59,"column":6},"end":{"line":59,"column":77}},"38":{"start":{"line":63,"column":4},"end":{"line":63,"column":33}},"39":{"start":{"line":64,"column":4},"end":{"line":64,"column":43}},"40":{"start":{"line":65,"column":4},"end":{"line":65,"column":45}},"41":{"start":{"line":66,"column":4},"end":{"line":66,"column":43}},"42":{"start":{"line":67,"column":4},"end":{"line":67,"column":24}},"43":{"start":{"line":68,"column":4},"end":{"line":68,"column":62}},"44":{"start":{"line":70,"column":4},"end":{"line":70,"column":23}},"45":{"start":{"line":71,"column":4},"end":{"line":71,"column":81}},"46":{"start":{"line":75,"column":18},"end":{"line":105,"column":1}},"47":{"start":{"line":76,"column":37},"end":{"line":76,"column":45}},"48":{"start":{"line":78,"column":2},"end":{"line":104,"column":3}},"49":{"start":{"line":79,"column":17},"end":{"line":79,"column":44}},"50":{"start":{"line":80,"column":21},"end":{"line":80,"column":56}},"51":{"start":{"line":83,"column":4},"end":{"line":85,"column":6}},"52":{"start":{"line":84,"column":12},"end":{"line":84,"column":53}},"53":{"start":{"line":88,"column":4},"end":{"line":90,"column":5}},"54":{"start":{"line":89,"column":6},"end":{"line":89,"column":50}},"55":{"start":{"line":91,"column":4},"end":{"line":93,"column":5}},"56":{"start":{"line":92,"column":6},"end":{"line":92,"column":50}},"57":{"start":{"line":96,"column":4},"end":{"line":96,"column":22}},"58":{"start":{"line":97,"column":4},"end":{"line":97,"column":26}},"59":{"start":{"line":100,"column":4},"end":{"line":100,"column":66}},"60":{"start":{"line":102,"column":4},"end":{"line":102,"column":23}},"61":{"start":{"line":103,"column":4},"end":{"line":103,"column":73}},"62":{"start":{"line":107,"column":20},"end":{"line":125,"column":1}},"63":{"start":{"line":108,"column":16},"end":{"line":108,"column":32}},"64":{"start":{"line":109,"column":24},"end":{"line":109,"column":47}},"65":{"start":{"line":110,"column":2},"end":{"line":110,"column":34}},"66":{"start":{"line":110,"column":14},"end":{"line":110,"column":34}},"67":{"start":{"line":112,"column":2},"end":{"line":124,"column":3}},"68":{"start":{"line":113,"column":18},"end":{"line":119,"column":35}},"69":{"start":{"line":121,"column":4},"end":{"line":121,"column":20}},"70":{"start":{"line":123,"column":4},"end":{"line":123,"column":54}},"71":{"start":{"line":127,"column":16},"end":{"line":136,"column":1}},"72":{"start":{"line":128,"column":2},"end":{"line":135,"column":3}},"73":{"start":{"line":129,"column":17},"end":{"line":130,"column":55}},"74":{"start":{"line":131,"column":4},"end":{"line":131,"column":19}},"75":{"start":{"line":133,"column":4},"end":{"line":133,"column":58}},"76":{"start":{"line":134,"column":4},"end":{"line":134,"column":65}},"77":{"start":{"line":138,"column":19},"end":{"line":159,"column":1}},"78":{"start":{"line":139,"column":21},"end":{"line":139,"column":31}},"79":{"start":{"line":141,"column":2},"end":{"line":158,"column":3}},"80":{"start":{"line":147,"column":15},"end":{"line":147,"column":42}},"81":{"start":{"line":149,"column":4},"end":{"line":151,"column":5}},"82":{"start":{"line":150,"column":6},"end":{"line":150,"column":63}},"83":{"start":{"line":152,"column":4},"end":{"line":152,"column":72}},"84":{"start":{"line":154,"column":4},"end":{"line":154,"column":51}},"85":{"start":{"line":156,"column":4},"end":{"line":156,"column":23}},"86":{"start":{"line":157,"column":4},"end":{"line":157,"column":63}},"87":{"start":{"line":161,"column":20},"end":{"line":170,"column":1}},"88":{"start":{"line":162,"column":4},"end":{"line":169,"column":5}},"89":{"start":{"line":163,"column":22},"end":{"line":163,"column":61}},"90":{"start":{"line":164,"column":8},"end":{"line":164,"column":45}},"91":{"start":{"line":165,"column":8},"end":{"line":165,"column":36}},"92":{"start":{"line":167,"column":6},"end":{"line":167,"column":64}},"93":{"start":{"line":168,"column":6},"end":{"line":168,"column":63}},"94":{"start":{"line":172,"column":0},"end":{"line":181,"column":2}}},"fnMap":{"0":{"name":"(anonymous_0)","decl":{"start":{"line":6,"column":20},"end":{"line":6,"column":21}},"loc":{"start":{"line":7,"column":2},"end":{"line":7,"column":60}},"line":7},"1":{"name":"(anonymous_1)","decl":{"start":{"line":9,"column":18},"end":{"line":9,"column":19}},"loc":{"start":{"line":9,"column":38},"end":{"line":18,"column":1}},"line":9},"2":{"name":"(anonymous_2)","decl":{"start":{"line":20,"column":19},"end":{"line":20,"column":20}},"loc":{"start":{"line":20,"column":39},"end":{"line":29,"column":1}},"line":20},"3":{"name":"(anonymous_3)","decl":{"start":{"line":31,"column":26},"end":{"line":31,"column":27}},"loc":{"start":{"line":31,"column":46},"end":{"line":73,"column":1}},"line":31},"4":{"name":"(anonymous_4)","decl":{"start":{"line":51,"column":8},"end":{"line":51,"column":9}},"loc":{"start":{"line":51,"column":14},"end":{"line":51,"column":53}},"line":51},"5":{"name":"(anonymous_5)","decl":{"start":{"line":75,"column":18},"end":{"line":75,"column":19}},"loc":{"start":{"line":75,"column":38},"end":{"line":105,"column":1}},"line":75},"6":{"name":"(anonymous_6)","decl":{"start":{"line":84,"column":6},"end":{"line":84,"column":7}},"loc":{"start":{"line":84,"column":12},"end":{"line":84,"column":53}},"line":84},"7":{"name":"(anonymous_7)","decl":{"start":{"line":107,"column":20},"end":{"line":107,"column":21}},"loc":{"start":{"line":107,"column":40},"end":{"line":125,"column":1}},"line":107},"8":{"name":"(anonymous_8)","decl":{"start":{"line":127,"column":16},"end":{"line":127,"column":17}},"loc":{"start":{"line":127,"column":36},"end":{"line":136,"column":1}},"line":127},"9":{"name":"(anonymous_9)","decl":{"start":{"line":138,"column":19},"end":{"line":138,"column":20}},"loc":{"start":{"line":138,"column":39},"end":{"line":159,"column":1}},"line":138},"10":{"name":"(anonymous_10)","decl":{"start":{"line":161,"column":20},"end":{"line":161,"column":21}},"loc":{"start":{"line":161,"column":40},"end":{"line":170,"column":1}},"line":161}},"branchMap":{"0":{"loc":{"start":{"line":39,"column":4},"end":{"line":41,"column":5}},"type":"if","locations":[{"start":{"line":39,"column":4},"end":{"line":41,"column":5}},{"start":{},"end":{}}],"line":39},"1":{"loc":{"start":{"line":47,"column":4},"end":{"line":60,"column":5}},"type":"if","locations":[{"start":{"line":47,"column":4},"end":{"line":60,"column":5}},{"start":{},"end":{}}],"line":47},"2":{"loc":{"start":{"line":88,"column":4},"end":{"line":90,"column":5}},"type":"if","locations":[{"start":{"line":88,"column":4},"end":{"line":90,"column":5}},{"start":{},"end":{}}],"line":88},"3":{"loc":{"start":{"line":91,"column":4},"end":{"line":93,"column":5}},"type":"if","locations":[{"start":{"line":91,"column":4},"end":{"line":93,"column":5}},{"start":{},"end":{}}],"line":91},"4":{"loc":{"start":{"line":110,"column":2},"end":{"line":110,"column":34}},"type":"if","locations":[{"start":{"line":110,"column":2},"end":{"line":110,"column":34}},{"start":{},"end":{}}],"line":110},"5":{"loc":{"start":{"line":149,"column":4},"end":{"line":151,"column":5}},"type":"if","locations":[{"start":{"line":149,"column":4},"end":{"line":151,"column":5}},{"start":{},"end":{}}],"line":149}},"s":{"0":2,"1":2,"2":2,"3":2,"4":2,"5":2,"6":2,"7":2,"8":1,"9":1,"10":1,"11":2,"12":2,"13":2,"14":2,"15":1,"16":1,"17":1,"18":2,"19":4,"20":4,"21":4,"22":3,"23":3,"24":3,"25":1,"26":2,"27":2,"28":2,"29":2,"30":1,"31":1,"32":1,"33":1,"34":1,"35":1,"36":1,"37":1,"38":1,"39":1,"40":1,"41":1,"42":1,"43":1,"44":1,"45":1,"46":2,"47":5,"48":5,"49":5,"50":4,"51":4,"52":2,"53":4,"54":3,"55":4,"56":3,"57":4,"58":3,"59":3,"60":2,"61":2,"62":2,"63":2,"64":2,"65":2,"66":1,"67":1,"68":1,"69":1,"70":0,"71":2,"72":2,"73":2,"74":1,"75":1,"76":1,"77":2,"78":3,"79":3,"80":3,"81":2,"82":1,"83":1,"84":1,"85":1,"86":1,"87":2,"88":2,"89":2,"90":2,"91":2,"92":0,"93":0,"94":2},"f":{"0":2,"1":2,"2":2,"3":4,"4":1,"5":5,"6":2,"7":2,"8":2,"9":3,"10":2},"b":{"0":[1,2],"1":[1,1],"2":[3,1],"3":[3,1],"4":[1,1],"5":[1,1]},"_coverageSchema":"1a1c01bbd47fc00a2c39e90264f33305004495a9","hash":"c56c50f6e77349f6187a2f078625f6026cd8bbb0"}
,"C:\\Users\\mimia\\Documents\\CS 321\\Account Hack\\Full-Stack-Project---Accountability-Hack\\mern_stack\\backend\\models\\habitModel.js": {"path":"C:\\Users\\mimia\\Documents\\CS 321\\Account Hack\\Full-Stack-Project---Accountability-Hack\\mern_stack\\backend\\models\\habitModel.js","statementMap":{"0":{"start":{"line":1,"column":17},"end":{"line":1,"column":36}},"1":{"start":{"line":3,"column":15},"end":{"line":3,"column":30}},"2":{"start":{"line":5,"column":20},"end":{"line":51,"column":24}},"3":{"start":{"line":46,"column":12},"end":{"line":46,"column":35}},"4":{"start":{"line":53,"column":0},"end":{"line":53,"column":53}}},"fnMap":{"0":{"name":"(anonymous_0)","decl":{"start":{"line":45,"column":21},"end":{"line":45,"column":22}},"loc":{"start":{"line":45,"column":36},"end":{"line":47,"column":11}},"line":45}},"branchMap":{},"s":{"0":2,"1":2,"2":2,"3":0,"4":2},"f":{"0":0},"b":{},"_coverageSchema":"1a1c01bbd47fc00a2c39e90264f33305004495a9","hash":"8b2e194444ac4a14124433e0582963e37d7ea44e"}
,"C:\\Users\\mimia\\Documents\\CS 321\\Account Hack\\Full-Stack-Project---Accountability-Hack\\mern_stack\\backend\\models\\userModel.js": {"path":"C:\\Users\\mimia\\Documents\\CS 321\\Account Hack\\Full-Stack-Project---Accountability-Hack\\mern_stack\\backend\\models\\userModel.js","statementMap":{"0":{"start":{"line":1,"column":17},"end":{"line":1,"column":36}},"1":{"start":{"line":2,"column":15},"end":{"line":2,"column":30}},"2":{"start":{"line":3,"column":15},"end":{"line":3,"column":32}},"3":{"start":{"line":4,"column":18},"end":{"line":4,"column":38}},"4":{"start":{"line":6,"column":19},"end":{"line":28,"column":2}},"5":{"start":{"line":31,"column":0},"end":{"line":47,"column":1}},"6":{"start":{"line":32,"column":4},"end":{"line":34,"column":5}},"7":{"start":{"line":33,"column":8},"end":{"line":33,"column":48}},"8":{"start":{"line":36,"column":17},"end":{"line":36,"column":44}},"9":{"start":{"line":38,"column":4},"end":{"line":40,"column":5}},"10":{"start":{"line":39,"column":8},"end":{"line":39,"column":38}},"11":{"start":{"line":42,"column":18},"end":{"line":42,"column":63}},"12":{"start":{"line":43,"column":4},"end":{"line":45,"column":5}},"13":{"start":{"line":44,"column":8},"end":{"line":44,"column":42}},"14":{"start":{"line":46,"column":4},"end":{"line":46,"column":16}},"15":{"start":{"line":50,"column":0},"end":{"line":75,"column":1}},"16":{"start":{"line":53,"column":4},"end":{"line":55,"column":5}},"17":{"start":{"line":54,"column":8},"end":{"line":54,"column":48}},"18":{"start":{"line":56,"column":4},"end":{"line":58,"column":5}},"19":{"start":{"line":57,"column":8},"end":{"line":57,"column":41}},"20":{"start":{"line":59,"column":4},"end":{"line":61,"column":5}},"21":{"start":{"line":60,"column":8},"end":{"line":60,"column":49}},"22":{"start":{"line":63,"column":19},"end":{"line":63,"column":46}},"23":{"start":{"line":65,"column":4},"end":{"line":67,"column":5}},"24":{"start":{"line":66,"column":8},"end":{"line":66,"column":43}},"25":{"start":{"line":69,"column":17},"end":{"line":69,"column":41}},"26":{"start":{"line":70,"column":17},"end":{"line":70,"column":50}},"27":{"start":{"line":72,"column":17},"end":{"line":72,"column":61}},"28":{"start":{"line":74,"column":4},"end":{"line":74,"column":15}},"29":{"start":{"line":77,"column":0},"end":{"line":77,"column":51}}},"fnMap":{"0":{"name":"(anonymous_0)","decl":{"start":{"line":31,"column":27},"end":{"line":31,"column":28}},"loc":{"start":{"line":31,"column":59},"end":{"line":47,"column":1}},"line":31},"1":{"name":"(anonymous_1)","decl":{"start":{"line":50,"column":28},"end":{"line":50,"column":29}},"loc":{"start":{"line":50,"column":61},"end":{"line":75,"column":1}},"line":50}},"branchMap":{"0":{"loc":{"start":{"line":32,"column":4},"end":{"line":34,"column":5}},"type":"if","locations":[{"start":{"line":32,"column":4},"end":{"line":34,"column":5}},{"start":{},"end":{}}],"line":32},"1":{"loc":{"start":{"line":32,"column":8},"end":{"line":32,"column":27}},"type":"binary-expr","locations":[{"start":{"line":32,"column":8},"end":{"line":32,"column":14}},{"start":{"line":32,"column":18},"end":{"line":32,"column":27}}],"line":32},"2":{"loc":{"start":{"line":38,"column":4},"end":{"line":40,"column":5}},"type":"if","locations":[{"start":{"line":38,"column":4},"end":{"line":40,"column":5}},{"start":{},"end":{}}],"line":38},"3":{"loc":{"start":{"line":43,"column":4},"end":{"line":45,"column":5}},"type":"if","locations":[{"start":{"line":43,"column":4},"end":{"line":45,"column":5}},{"start":{},"end":{}}],"line":43},"4":{"loc":{"start":{"line":53,"column":4},"end":{"line":55,"column":5}},"type":"if","locations":[{"start":{"line":53,"column":4},"end":{"line":55,"column":5}},{"start":{},"end":{}}],"line":53},"5":{"loc":{"start":{"line":53,"column":8},"end":{"line":53,"column":27}},"type":"binary-expr","locations":[{"start":{"line":53,"column":8},"end":{"line":53,"column":14}},{"start":{"line":53,"column":18},"end":{"line":53,"column":27}}],"line":53},"6":{"loc":{"start":{"line":56,"column":4},"end":{"line":58,"column":5}},"type":"if","locations":[{"start":{"line":56,"column":4},"end":{"line":58,"column":5}},{"start":{},"end":{}}],"line":56},"7":{"loc":{"start":{"line":59,"column":4},"end":{"line":61,"column":5}},"type":"if","locations":[{"start":{"line":59,"column":4},"end":{"line":61,"column":5}},{"start":{},"end":{}}],"line":59},"8":{"loc":{"start":{"line":65,"column":4},"end":{"line":67,"column":5}},"type":"if","locations":[{"start":{"line":65,"column":4},"end":{"line":67,"column":5}},{"start":{},"end":{}}],"line":65}},"s":{"0":2,"1":2,"2":2,"3":2,"4":2,"5":2,"6":0,"7":0,"8":0,"9":0,"10":0,"11":0,"12":0,"13":0,"14":0,"15":2,"16":0,"17":0,"18":0,"19":0,"20":0,"21":0,"22":0,"23":0,"24":0,"25":0,"26":0,"27":0,"28":0,"29":2},"f":{"0":0,"1":0},"b":{"0":[0,0],"1":[0,0],"2":[0,0],"3":[0,0],"4":[0,0],"5":[0,0],"6":[0,0],"7":[0,0],"8":[0,0]},"_coverageSchema":"1a1c01bbd47fc00a2c39e90264f33305004495a9","hash":"212968735bea7e7c82ab1721c17b88999da91016"}
,"C:\\Users\\mimia\\Documents\\CS 321\\Account Hack\\Full-Stack-Project---Accountability-Hack\\mern_stack\\backend\\utils\\streakUtil.js": {"path":"C:\\Users\\mimia\\Documents\\CS 321\\Account Hack\\Full-Stack-Project---Accountability-Hack\\mern_stack\\backend\\utils\\streakUtil.js","statementMap":{"0":{"start":{"line":1,"column":30},"end":{"line":58,"column":1}},"1":{"start":{"line":3,"column":24},"end":{"line":3,"column":25}},"2":{"start":{"line":4,"column":24},"end":{"line":4,"column":25}},"3":{"start":{"line":6,"column":4},"end":{"line":9,"column":5}},"4":{"start":{"line":7,"column":8},"end":{"line":7,"column":48}},"5":{"start":{"line":8,"column":8},"end":{"line":8,"column":47}},"6":{"start":{"line":11,"column":18},"end":{"line":11,"column":28}},"7":{"start":{"line":12,"column":4},"end":{"line":12,"column":31}},"8":{"start":{"line":14,"column":22},"end":{"line":14,"column":37}},"9":{"start":{"line":15,"column":4},"end":{"line":15,"column":43}},"10":{"start":{"line":17,"column":31},"end":{"line":17,"column":66}},"11":{"start":{"line":19,"column":4},"end":{"line":26,"column":5}},"12":{"start":{"line":20,"column":8},"end":{"line":20,"column":26}},"13":{"start":{"line":21,"column":8},"end":{"line":23,"column":9}},"14":{"start":{"line":22,"column":12},"end":{"line":22,"column":30}},"15":{"start":{"line":24,"column":8},"end":{"line":24,"column":48}},"16":{"start":{"line":25,"column":8},"end":{"line":25,"column":47}},"17":{"start":{"line":28,"column":4},"end":{"line":28,"column":22}},"18":{"start":{"line":29,"column":4},"end":{"line":45,"column":5}},"19":{"start":{"line":29,"column":17},"end":{"line":29,"column":18}},"20":{"start":{"line":32,"column":25},"end":{"line":32,"column":43}},"21":{"start":{"line":33,"column":25},"end":{"line":33,"column":39}},"22":{"start":{"line":34,"column":33},"end":{"line":34,"column":65}},"23":{"start":{"line":36,"column":8},"end":{"line":44,"column":9}},"24":{"start":{"line":38,"column":12},"end":{"line":38,"column":67}},"25":{"start":{"line":39,"column":12},"end":{"line":39,"column":28}},"26":{"start":{"line":42,"column":12},"end":{"line":42,"column":67}},"27":{"start":{"line":43,"column":12},"end":{"line":43,"column":30}},"28":{"start":{"line":46,"column":4},"end":{"line":46,"column":59}},"29":{"start":{"line":48,"column":4},"end":{"line":48,"column":36}},"30":{"start":{"line":49,"column":4},"end":{"line":49,"column":36}},"31":{"start":{"line":51,"column":4},"end":{"line":51,"column":26}},"32":{"start":{"line":52,"column":4},"end":{"line":52,"column":23}},"33":{"start":{"line":53,"column":4},"end":{"line":55,"column":5}},"34":{"start":{"line":54,"column":8},"end":{"line":54,"column":26}},"35":{"start":{"line":57,"column":4},"end":{"line":57,"column":44}},"36":{"start":{"line":60,"column":31},"end":{"line":131,"column":1}},"37":{"start":{"line":61,"column":4},"end":{"line":61,"column":29}},"38":{"start":{"line":62,"column":24},"end":{"line":62,"column":25}},"39":{"start":{"line":63,"column":24},"end":{"line":63,"column":25}},"40":{"start":{"line":65,"column":4},"end":{"line":68,"column":5}},"41":{"start":{"line":66,"column":8},"end":{"line":66,"column":48}},"42":{"start":{"line":67,"column":8},"end":{"line":67,"column":48}},"43":{"start":{"line":71,"column":18},"end":{"line":71,"column":28}},"44":{"start":{"line":72,"column":4},"end":{"line":72,"column":31}},"45":{"start":{"line":74,"column":28},"end":{"line":86,"column":5}},"46":{"start":{"line":75,"column":18},"end":{"line":75,"column":32}},"47":{"start":{"line":76,"column":8},"end":{"line":76,"column":34}},"48":{"start":{"line":77,"column":26},"end":{"line":77,"column":39}},"49":{"start":{"line":79,"column":8},"end":{"line":85,"column":9}},"50":{"start":{"line":80,"column":12},"end":{"line":80,"column":31}},"51":{"start":{"line":83,"column":12},"end":{"line":83,"column":53}},"52":{"start":{"line":84,"column":12},"end":{"line":84,"column":31}},"53":{"start":{"line":88,"column":31},"end":{"line":88,"column":66}},"54":{"start":{"line":89,"column":29},"end":{"line":89,"column":64}},"55":{"start":{"line":90,"column":26},"end":{"line":90,"column":48}},"56":{"start":{"line":93,"column":4},"end":{"line":102,"column":5}},"57":{"start":{"line":94,"column":8},"end":{"line":94,"column":26}},"58":{"start":{"line":95,"column":8},"end":{"line":99,"column":9}},"59":{"start":{"line":96,"column":12},"end":{"line":96,"column":30}},"60":{"start":{"line":97,"column":15},"end":{"line":99,"column":9}},"61":{"start":{"line":98,"column":12},"end":{"line":98,"column":30}},"62":{"start":{"line":100,"column":8},"end":{"line":100,"column":48}},"63":{"start":{"line":101,"column":8},"end":{"line":101,"column":48}},"64":{"start":{"line":105,"column":4},"end":{"line":105,"column":22}},"65":{"start":{"line":106,"column":4},"end":{"line":119,"column":5}},"66":{"start":{"line":106,"column":17},"end":{"line":106,"column":18}},"67":{"start":{"line":107,"column":29},"end":{"line":107,"column":64}},"68":{"start":{"line":108,"column":29},"end":{"line":108,"column":60}},"69":{"start":{"line":109,"column":8},"end":{"line":109,"column":53}},"70":{"start":{"line":110,"column":8},"end":{"line":110,"column":53}},"71":{"start":{"line":113,"column":8},"end":{"line":118,"column":9}},"72":{"start":{"line":114,"column":12},"end":{"line":114,"column":28}},"73":{"start":{"line":116,"column":12},"end":{"line":116,"column":67}},"74":{"start":{"line":117,"column":12},"end":{"line":117,"column":30}},"75":{"start":{"line":121,"column":4},"end":{"line":121,"column":59}},"76":{"start":{"line":123,"column":4},"end":{"line":123,"column":56}},"77":{"start":{"line":124,"column":4},"end":{"line":124,"column":33}},"78":{"start":{"line":126,"column":4},"end":{"line":128,"column":5}},"79":{"start":{"line":127,"column":8},"end":{"line":127,"column":26}},"80":{"start":{"line":130,"column":4},"end":{"line":130,"column":44}},"81":{"start":{"line":134,"column":32},"end":{"line":201,"column":1}},"82":{"start":{"line":136,"column":24},"end":{"line":136,"column":25}},"83":{"start":{"line":137,"column":24},"end":{"line":137,"column":25}},"84":{"start":{"line":139,"column":4},"end":{"line":142,"column":5}},"85":{"start":{"line":140,"column":8},"end":{"line":140,"column":48}},"86":{"start":{"line":141,"column":8},"end":{"line":141,"column":48}},"87":{"start":{"line":144,"column":18},"end":{"line":144,"column":28}},"88":{"start":{"line":145,"column":4},"end":{"line":145,"column":31}},"89":{"start":{"line":147,"column":31},"end":{"line":147,"column":76}},"90":{"start":{"line":149,"column":4},"end":{"line":162,"column":5}},"91":{"start":{"line":150,"column":8},"end":{"line":150,"column":26}},"92":{"start":{"line":152,"column":8},"end":{"line":159,"column":9}},"93":{"start":{"line":158,"column":12},"end":{"line":158,"column":30}},"94":{"start":{"line":160,"column":8},"end":{"line":160,"column":48}},"95":{"start":{"line":161,"column":8},"end":{"line":161,"column":48}},"96":{"start":{"line":164,"column":4},"end":{"line":164,"column":22}},"97":{"start":{"line":165,"column":4},"end":{"line":186,"column":5}},"98":{"start":{"line":165,"column":17},"end":{"line":165,"column":18}},"99":{"start":{"line":166,"column":25},"end":{"line":166,"column":53}},"100":{"start":{"line":167,"column":25},"end":{"line":167,"column":49}},"101":{"start":{"line":169,"column":25},"end":{"line":169,"column":47}},"102":{"start":{"line":170,"column":26},"end":{"line":170,"column":45}},"103":{"start":{"line":171,"column":25},"end":{"line":171,"column":47}},"104":{"start":{"line":172,"column":26},"end":{"line":172,"column":45}},"105":{"start":{"line":174,"column":8},"end":{"line":176,"column":9}},"106":{"start":{"line":175,"column":12},"end":{"line":175,"column":21}},"107":{"start":{"line":178,"column":8},"end":{"line":185,"column":9}},"108":{"start":{"line":180,"column":12},"end":{"line":180,"column":28}},"109":{"start":{"line":183,"column":12},"end":{"line":183,"column":67}},"110":{"start":{"line":184,"column":12},"end":{"line":184,"column":30}},"111":{"start":{"line":188,"column":4},"end":{"line":188,"column":59}},"112":{"start":{"line":190,"column":4},"end":{"line":195,"column":5}},"113":{"start":{"line":194,"column":8},"end":{"line":194,"column":26}},"114":{"start":{"line":197,"column":4},"end":{"line":197,"column":56}},"115":{"start":{"line":198,"column":4},"end":{"line":198,"column":33}},"116":{"start":{"line":200,"column":4},"end":{"line":200,"column":42}},"117":{"start":{"line":203,"column":34},"end":{"line":224,"column":1}},"118":{"start":{"line":205,"column":24},"end":{"line":207,"column":30}},"119":{"start":{"line":206,"column":21},"end":{"line":206,"column":35}},"120":{"start":{"line":207,"column":24},"end":{"line":207,"column":29}},"121":{"start":{"line":209,"column":21},"end":{"line":209,"column":59}},"122":{"start":{"line":211,"column":4},"end":{"line":217,"column":5}},"123":{"start":{"line":212,"column":8},"end":{"line":212,"column":56}},"124":{"start":{"line":213,"column":11},"end":{"line":217,"column":5}},"125":{"start":{"line":214,"column":8},"end":{"line":214,"column":57}},"126":{"start":{"line":215,"column":11},"end":{"line":217,"column":5}},"127":{"start":{"line":216,"column":8},"end":{"line":216,"column":58}},"128":{"start":{"line":219,"column":4},"end":{"line":219,"column":51}},"129":{"start":{"line":220,"column":4},"end":{"line":220,"column":51}},"130":{"start":{"line":222,"column":4},"end":{"line":222,"column":56}},"131":{"start":{"line":223,"column":4},"end":{"line":223,"column":56}},"132":{"start":{"line":226,"column":0},"end":{"line":226,"column":117}}},"fnMap":{"0":{"name":"(anonymous_0)","decl":{"start":{"line":1,"column":30},"end":{"line":1,"column":31}},"loc":{"start":{"line":1,"column":47},"end":{"line":58,"column":1}},"line":1},"1":{"name":"(anonymous_1)","decl":{"start":{"line":60,"column":31},"end":{"line":60,"column":32}},"loc":{"start":{"line":60,"column":48},"end":{"line":131,"column":1}},"line":60},"2":{"name":"(anonymous_2)","decl":{"start":{"line":74,"column":28},"end":{"line":74,"column":29}},"loc":{"start":{"line":74,"column":38},"end":{"line":86,"column":5}},"line":74},"3":{"name":"(anonymous_3)","decl":{"start":{"line":134,"column":32},"end":{"line":134,"column":33}},"loc":{"start":{"line":134,"column":49},"end":{"line":201,"column":1}},"line":134},"4":{"name":"(anonymous_4)","decl":{"start":{"line":203,"column":34},"end":{"line":203,"column":35}},"loc":{"start":{"line":203,"column":45},"end":{"line":224,"column":1}},"line":203},"5":{"name":"(anonymous_5)","decl":{"start":{"line":206,"column":13},"end":{"line":206,"column":14}},"loc":{"start":{"line":206,"column":21},"end":{"line":206,"column":35}},"line":206},"6":{"name":"(anonymous_6)","decl":{"start":{"line":207,"column":14},"end":{"line":207,"column":15}},"loc":{"start":{"line":207,"column":24},"end":{"line":207,"column":29}},"line":207}},"branchMap":{"0":{"loc":{"start":{"line":6,"column":4},"end":{"line":9,"column":5}},"type":"if","locations":[{"start":{"line":6,"column":4},"end":{"line":9,"column":5}},{"start":{},"end":{}}],"line":6},"1":{"loc":{"start":{"line":19,"column":4},"end":{"line":26,"column":5}},"type":"if","locations":[{"start":{"line":19,"column":4},"end":{"line":26,"column":5}},{"start":{},"end":{}}],"line":19},"2":{"loc":{"start":{"line":21,"column":8},"end":{"line":23,"column":9}},"type":"if","locations":[{"start":{"line":21,"column":8},"end":{"line":23,"column":9}},{"start":{},"end":{}}],"line":21},"3":{"loc":{"start":{"line":21,"column":12},"end":{"line":21,"column":116}},"type":"binary-expr","locations":[{"start":{"line":21,"column":12},"end":{"line":21,"column":60}},{"start":{"line":21,"column":64},"end":{"line":21,"column":116}}],"line":21},"4":{"loc":{"start":{"line":36,"column":8},"end":{"line":44,"column":9}},"type":"if","locations":[{"start":{"line":36,"column":8},"end":{"line":44,"column":9}},{"start":{"line":40,"column":15},"end":{"line":44,"column":9}}],"line":36},"5":{"loc":{"start":{"line":53,"column":4},"end":{"line":55,"column":5}},"type":"if","locations":[{"start":{"line":53,"column":4},"end":{"line":55,"column":5}},{"start":{},"end":{}}],"line":53},"6":{"loc":{"start":{"line":53,"column":8},"end":{"line":53,"column":112}},"type":"binary-expr","locations":[{"start":{"line":53,"column":8},"end":{"line":53,"column":56}},{"start":{"line":53,"column":60},"end":{"line":53,"column":112}}],"line":53},"7":{"loc":{"start":{"line":65,"column":4},"end":{"line":68,"column":5}},"type":"if","locations":[{"start":{"line":65,"column":4},"end":{"line":68,"column":5}},{"start":{},"end":{}}],"line":65},"8":{"loc":{"start":{"line":79,"column":8},"end":{"line":85,"column":9}},"type":"if","locations":[{"start":{"line":79,"column":8},"end":{"line":85,"column":9}},{"start":{"line":81,"column":15},"end":{"line":85,"column":9}}],"line":79},"9":{"loc":{"start":{"line":93,"column":4},"end":{"line":102,"column":5}},"type":"if","locations":[{"start":{"line":93,"column":4},"end":{"line":102,"column":5}},{"start":{},"end":{}}],"line":93},"10":{"loc":{"start":{"line":95,"column":8},"end":{"line":99,"column":9}},"type":"if","locations":[{"start":{"line":95,"column":8},"end":{"line":99,"column":9}},{"start":{"line":97,"column":15},"end":{"line":99,"column":9}}],"line":95},"11":{"loc":{"start":{"line":97,"column":15},"end":{"line":99,"column":9}},"type":"if","locations":[{"start":{"line":97,"column":15},"end":{"line":99,"column":9}},{"start":{},"end":{}}],"line":97},"12":{"loc":{"start":{"line":113,"column":8},"end":{"line":118,"column":9}},"type":"if","locations":[{"start":{"line":113,"column":8},"end":{"line":118,"column":9}},{"start":{"line":115,"column":15},"end":{"line":118,"column":9}}],"line":113},"13":{"loc":{"start":{"line":126,"column":4},"end":{"line":128,"column":5}},"type":"if","locations":[{"start":{"line":126,"column":4},"end":{"line":128,"column":5}},{"start":{},"end":{}}],"line":126},"14":{"loc":{"start":{"line":126,"column":8},"end":{"line":126,"column":95}},"type":"binary-expr","locations":[{"start":{"line":126,"column":8},"end":{"line":126,"column":42}},{"start":{"line":126,"column":46},"end":{"line":126,"column":95}}],"line":126},"15":{"loc":{"start":{"line":139,"column":4},"end":{"line":142,"column":5}},"type":"if","locations":[{"start":{"line":139,"column":4},"end":{"line":142,"column":5}},{"start":{},"end":{}}],"line":139},"16":{"loc":{"start":{"line":149,"column":4},"end":{"line":162,"column":5}},"type":"if","locations":[{"start":{"line":149,"column":4},"end":{"line":162,"column":5}},{"start":{},"end":{}}],"line":149},"17":{"loc":{"start":{"line":152,"column":8},"end":{"line":159,"column":9}},"type":"if","locations":[{"start":{"line":152,"column":8},"end":{"line":159,"column":9}},{"start":{},"end":{}}],"line":152},"18":{"loc":{"start":{"line":152,"column":12},"end":{"line":157,"column":75}},"type":"binary-expr","locations":[{"start":{"line":152,"column":13},"end":{"line":152,"column":69}},{"start":{"line":153,"column":12},"end":{"line":153,"column":62}},{"start":{"line":154,"column":13},"end":{"line":154,"column":69}},{"start":{"line":155,"column":12},"end":{"line":155,"column":66}},{"start":{"line":156,"column":13},"end":{"line":156,"column":73}},{"start":{"line":157,"column":12},"end":{"line":157,"column":48}},{"start":{"line":157,"column":52},"end":{"line":157,"column":74}}],"line":152},"19":{"loc":{"start":{"line":174,"column":8},"end":{"line":176,"column":9}},"type":"if","locations":[{"start":{"line":174,"column":8},"end":{"line":176,"column":9}},{"start":{},"end":{}}],"line":174},"20":{"loc":{"start":{"line":174,"column":12},"end":{"line":174,"column":60}},"type":"binary-expr","locations":[{"start":{"line":174,"column":12},"end":{"line":174,"column":33}},{"start":{"line":174,"column":37},"end":{"line":174,"column":60}}],"line":174},"21":{"loc":{"start":{"line":178,"column":8},"end":{"line":185,"column":9}},"type":"if","locations":[{"start":{"line":178,"column":8},"end":{"line":185,"column":9}},{"start":{"line":182,"column":15},"end":{"line":185,"column":9}}],"line":178},"22":{"loc":{"start":{"line":178,"column":12},"end":{"line":179,"column":78}},"type":"binary-expr","locations":[{"start":{"line":178,"column":13},"end":{"line":178,"column":34}},{"start":{"line":178,"column":38},"end":{"line":178,"column":65}},{"start":{"line":179,"column":13},"end":{"line":179,"column":38}},{"start":{"line":179,"column":42},"end":{"line":179,"column":57}},{"start":{"line":179,"column":61},"end":{"line":179,"column":77}}],"line":178},"23":{"loc":{"start":{"line":190,"column":4},"end":{"line":195,"column":5}},"type":"if","locations":[{"start":{"line":190,"column":4},"end":{"line":195,"column":5}},{"start":{},"end":{}}],"line":190},"24":{"loc":{"start":{"line":190,"column":8},"end":{"line":192,"column":137}},"type":"binary-expr","locations":[{"start":{"line":190,"column":8},"end":{"line":190,"column":121}},{"start":{"line":191,"column":8},"end":{"line":191,"column":125}},{"start":{"line":192,"column":8},"end":{"line":192,"column":137}}],"line":190},"25":{"loc":{"start":{"line":190,"column":10},"end":{"line":190,"column":120}},"type":"binary-expr","locations":[{"start":{"line":190,"column":10},"end":{"line":190,"column":66}},{"start":{"line":190,"column":70},"end":{"line":190,"column":120}}],"line":190},"26":{"loc":{"start":{"line":191,"column":10},"end":{"line":191,"column":124}},"type":"binary-expr","locations":[{"start":{"line":191,"column":10},"end":{"line":191,"column":66}},{"start":{"line":191,"column":70},"end":{"line":191,"column":124}}],"line":191},"27":{"loc":{"start":{"line":192,"column":10},"end":{"line":192,"column":136}},"type":"binary-expr","locations":[{"start":{"line":192,"column":10},"end":{"line":192,"column":70}},{"start":{"line":192,"column":74},"end":{"line":192,"column":110}},{"start":{"line":192,"column":114},"end":{"line":192,"column":136}}],"line":192},"28":{"loc":{"start":{"line":211,"column":4},"end":{"line":217,"column":5}},"type":"if","locations":[{"start":{"line":211,"column":4},"end":{"line":217,"column":5}},{"start":{"line":213,"column":11},"end":{"line":217,"column":5}}],"line":211},"29":{"loc":{"start":{"line":213,"column":11},"end":{"line":217,"column":5}},"type":"if","locations":[{"start":{"line":213,"column":11},"end":{"line":217,"column":5}},{"start":{"line":215,"column":11},"end":{"line":217,"column":5}}],"line":213},"30":{"loc":{"start":{"line":215,"column":11},"end":{"line":217,"column":5}},"type":"if","locations":[{"start":{"line":215,"column":11},"end":{"line":217,"column":5}},{"start":{},"end":{}}],"line":215}},"s":{"0":4,"1":9,"2":9,"3":9,"4":1,"5":1,"6":8,"7":8,"8":8,"9":8,"10":8,"11":8,"12":3,"13":3,"14":2,"15":3,"16":3,"17":5,"18":5,"19":5,"20":6,"21":6,"22":6,"23":6,"24":4,"25":4,"26":2,"27":2,"28":5,"29":5,"30":5,"31":5,"32":5,"33":5,"34":3,"35":5,"36":4,"37":9,"38":9,"39":9,"40":9,"41":1,"42":1,"43":8,"44":8,"45":8,"46":30,"47":30,"48":30,"49":30,"50":17,"51":13,"52":13,"53":8,"54":8,"55":8,"56":8,"57":3,"58":3,"59":1,"60":2,"61":1,"62":3,"63":3,"64":5,"65":5,"66":5,"67":7,"68":7,"69":7,"70":7,"71":7,"72":6,"73":1,"74":1,"75":5,"76":5,"77":5,"78":5,"79":1,"80":5,"81":4,"82":11,"83":11,"84":11,"85":1,"86":1,"87":10,"88":10,"89":10,"90":10,"91":3,"92":3,"93":2,"94":3,"95":3,"96":7,"97":7,"98":7,"99":10,"100":10,"101":10,"102":10,"103":10,"104":10,"105":10,"106":1,"107":9,"108":8,"109":1,"110":1,"111":7,"112":7,"113":2,"114":7,"115":7,"116":7,"117":4,"118":6,"119":8,"120":3,"121":6,"122":6,"123":1,"124":5,"125":1,"126":4,"127":1,"128":6,"129":6,"130":6,"131":6,"132":4},"f":{"0":9,"1":9,"2":30,"3":11,"4":6,"5":8,"6":3},"b":{"0":[1,8],"1":[3,5],"2":[2,1],"3":[3,2],"4":[4,2],"5":[3,2],"6":[5,3],"7":[1,8],"8":[17,13],"9":[3,5],"10":[1,2],"11":[1,1],"12":[6,1],"13":[1,4],"14":[5,1],"15":[1,10],"16":[3,7],"17":[2,1],"18":[3,3,2,2,1,0,0],"19":[1,9],"20":[10,9],"21":[8,1],"22":[9,8,2,1,1],"23":[2,5],"24":[7,5,2],"25":[7,6],"26":[5,4],"27":[2,1,1],"28":[1,5],"29":[1,4],"30":[1,3]},"_coverageSchema":"1a1c01bbd47fc00a2c39e90264f33305004495a9","hash":"b771fdcf8996a9a446e92ac8afa455fde85c6b8c"}
}
