TN:
SF:controllers\habitController.js
FN:5,(anonymous_0)
FN:19,(anonymous_1)
FN:55,(anonymous_2)
FN:67,(anonymous_3)
FN:74,(anonymous_4)
FN:91,(anonymous_5)
FN:122,(anonymous_6)
FN:138,(anonymous_7)
FN:155,(anonymous_8)
FN:177,(anonymous_9)
FN:198,(anonymous_10)
FN:210,(anonymous_11)
FN:213,(anonymous_12)
FN:221,(anonymous_13)
FN:229,(anonymous_14)
FN:232,(anonymous_15)
FNF:16
FNH:9
FNDA:4,(anonymous_0)
FNDA:1,(anonymous_1)
FNDA:0,(anonymous_2)
FNDA:1,(anonymous_3)
FNDA:7,(anonymous_4)
FNDA:2,(anonymous_5)
FNDA:3,(anonymous_6)
FNDA:6,(anonymous_7)
FNDA:5,(anonymous_8)
FNDA:1,(anonymous_9)
FNDA:0,(anonymous_10)
FNDA:0,(anonymous_11)
FNDA:0,(anonymous_12)
FNDA:0,(anonymous_13)
FNDA:0,(anonymous_14)
FNDA:0,(anonymous_15)
DA:1,2
DA:2,2
DA:3,2
DA:5,2
DA:6,4
DA:8,4
DA:9,4
DA:10,3
DA:12,3
DA:13,1
DA:18,2
DA:19,1
DA:22,2
DA:23,1
DA:26,1
DA:27,1
DA:28,1
DA:29,1
DA:30,1
DA:35,1
DA:37,1
DA:48,1
DA:51,1
DA:55,2
DA:56,0
DA:58,0
DA:59,0
DA:60,0
DA:63,0
DA:67,2
DA:68,1
DA:69,1
DA:70,1
DA:74,2
DA:75,7
DA:77,7
DA:78,2
DA:81,5
DA:83,5
DA:84,3
DA:87,2
DA:91,2
DA:92,2
DA:94,2
DA:95,2
DA:96,2
DA:104,2
DA:105,1
DA:108,1
DA:114,1
DA:115,1
DA:117,1
DA:118,1
DA:122,2
DA:123,3
DA:125,3
DA:126,1
DA:129,2
DA:131,2
DA:132,1
DA:135,1
DA:138,2
DA:139,6
DA:141,6
DA:142,1
DA:145,5
DA:149,5
DA:150,1
DA:153,4
DA:155,2
DA:156,5
DA:157,5
DA:159,5
DA:160,1
DA:163,4
DA:164,4
DA:165,1
DA:169,3
DA:170,1
DA:173,3
DA:174,3
DA:175,3
DA:177,3
DA:178,1
DA:179,1
DA:180,1
DA:183,3
DA:185,2
DA:188,1
DA:191,3
DA:193,3
DA:194,3
DA:195,3
DA:198,2
DA:199,0
DA:200,0
DA:201,0
DA:204,0
DA:205,0
DA:208,0
DA:209,0
DA:210,0
DA:213,0
DA:221,0
DA:222,0
DA:225,0
DA:228,0
DA:229,0
DA:232,0
DA:238,0
DA:240,0
DA:241,0
DA:245,2
LF:113
LH:90
BRDA:12,0,0,1
BRDA:12,0,1,2
BRDA:22,1,0,1
BRDA:22,1,1,1
BRDA:77,2,0,2
BRDA:77,2,1,5
BRDA:83,3,0,3
BRDA:83,3,1,2
BRDA:104,4,0,1
BRDA:104,4,1,1
BRDA:104,5,0,2
BRDA:104,5,1,2
BRDA:125,6,0,1
BRDA:125,6,1,2
BRDA:131,7,0,1
BRDA:131,7,1,1
BRDA:141,8,0,1
BRDA:141,8,1,5
BRDA:149,9,0,1
BRDA:149,9,1,4
BRDA:159,10,0,1
BRDA:159,10,1,4
BRDA:164,11,0,1
BRDA:164,11,1,3
BRDA:169,12,0,1
BRDA:169,12,1,2
BRDA:183,13,0,2
BRDA:183,13,1,1
BRDA:222,14,0,0
BRDA:222,14,1,0
BRDA:229,15,0,0
BRDA:229,15,1,0
BRDA:229,16,0,0
BRDA:229,16,1,0
BRF:34
BRH:28
end_of_record
TN:
SF:controllers\userController.js
FN:6,(anonymous_0)
FN:9,(anonymous_1)
FN:20,(anonymous_2)
FN:31,(anonymous_3)
FN:51,(anonymous_4)
FN:75,(anonymous_5)
FN:84,(anonymous_6)
FN:107,(anonymous_7)
FN:127,(anonymous_8)
FN:138,(anonymous_9)
FN:161,(anonymous_10)
FNF:11
FNH:11
FNDA:2,(anonymous_0)
FNDA:2,(anonymous_1)
FNDA:2,(anonymous_2)
FNDA:4,(anonymous_3)
FNDA:1,(anonymous_4)
FNDA:5,(anonymous_5)
FNDA:2,(anonymous_6)
FNDA:2,(anonymous_7)
FNDA:2,(anonymous_8)
FNDA:3,(anonymous_9)
FNDA:2,(anonymous_10)
DA:3,2
DA:4,2
DA:6,2
DA:7,2
DA:9,2
DA:10,2
DA:11,2
DA:12,2
DA:13,1
DA:14,1
DA:16,1
DA:20,2
DA:21,2
DA:22,2
DA:23,2
DA:24,1
DA:25,1
DA:27,1
DA:31,2
DA:32,4
DA:33,4
DA:34,4
DA:35,3
DA:38,3
DA:39,3
DA:40,1
DA:43,2
DA:44,2
DA:46,2
DA:47,2
DA:48,1
DA:50,1
DA:51,1
DA:54,1
DA:55,1
DA:57,1
DA:58,1
DA:59,1
DA:63,1
DA:64,1
DA:65,1
DA:66,1
DA:67,1
DA:68,1
DA:70,1
DA:71,1
DA:75,2
DA:76,5
DA:78,5
DA:79,5
DA:80,4
DA:83,4
DA:84,2
DA:88,4
DA:89,3
DA:91,4
DA:92,3
DA:96,4
DA:97,3
DA:100,3
DA:102,2
DA:103,2
DA:107,2
DA:108,2
DA:109,2
DA:110,2
DA:112,1
DA:113,1
DA:121,1
DA:123,0
DA:127,2
DA:128,2
DA:129,2
DA:131,1
DA:133,1
DA:134,1
DA:138,2
DA:139,3
DA:141,3
DA:147,3
DA:149,2
DA:150,1
DA:152,1
DA:154,1
DA:156,1
DA:157,1
DA:161,2
DA:162,2
DA:163,2
DA:164,2
DA:165,2
DA:167,0
DA:168,0
DA:172,2
LF:94
LH:91
BRDA:39,0,0,1
BRDA:39,0,1,2
BRDA:47,1,0,1
BRDA:47,1,1,1
BRDA:88,2,0,3
BRDA:88,2,1,1
BRDA:91,3,0,3
BRDA:91,3,1,1
BRDA:110,4,0,1
BRDA:110,4,1,1
BRDA:149,5,0,1
BRDA:149,5,1,1
BRF:12
BRH:12
end_of_record
TN:
SF:models\habitModel.js
FN:45,(anonymous_0)
FNF:1
FNH:0
FNDA:0,(anonymous_0)
DA:1,2
DA:3,2
DA:5,2
DA:46,0
DA:53,2
LF:5
LH:4
BRF:0
BRH:0
end_of_record
TN:
SF:models\userModel.js
FN:31,(anonymous_0)
FN:50,(anonymous_1)
FNF:2
FNH:0
FNDA:0,(anonymous_0)
FNDA:0,(anonymous_1)
DA:1,2
DA:2,2
DA:3,2
DA:4,2
DA:6,2
DA:31,2
DA:32,0
DA:33,0
DA:36,0
DA:38,0
DA:39,0
DA:42,0
DA:43,0
DA:44,0
DA:46,0
DA:50,2
DA:53,0
DA:54,0
DA:56,0
DA:57,0
DA:59,0
DA:60,0
DA:63,0
DA:65,0
DA:66,0
DA:69,0
DA:70,0
DA:72,0
DA:74,0
DA:77,2
LF:30
LH:8
BRDA:32,0,0,0
BRDA:32,0,1,0
BRDA:32,1,0,0
BRDA:32,1,1,0
BRDA:38,2,0,0
BRDA:38,2,1,0
BRDA:43,3,0,0
BRDA:43,3,1,0
BRDA:53,4,0,0
BRDA:53,4,1,0
BRDA:53,5,0,0
BRDA:53,5,1,0
BRDA:56,6,0,0
BRDA:56,6,1,0
BRDA:59,7,0,0
BRDA:59,7,1,0
BRDA:65,8,0,0
BRDA:65,8,1,0
BRF:18
BRH:0
end_of_record
TN:
SF:utils\streakUtil.js
FN:1,(anonymous_0)
FN:60,(anonymous_1)
FN:74,(anonymous_2)
FN:134,(anonymous_3)
FN:203,(anonymous_4)
FN:206,(anonymous_5)
FN:207,(anonymous_6)
FNF:7
FNH:7
FNDA:9,(anonymous_0)
FNDA:9,(anonymous_1)
FNDA:30,(anonymous_2)
FNDA:11,(anonymous_3)
FNDA:6,(anonymous_4)
FNDA:8,(anonymous_5)
FNDA:3,(anonymous_6)
DA:1,4
DA:3,9
DA:4,9
DA:6,9
DA:7,1
DA:8,1
DA:11,8
DA:12,8
DA:14,8
DA:15,8
DA:17,8
DA:19,8
DA:20,3
DA:21,3
DA:22,2
DA:24,3
DA:25,3
DA:28,5
DA:29,5
DA:32,6
DA:33,6
DA:34,6
DA:36,6
DA:38,4
DA:39,4
DA:42,2
DA:43,2
DA:46,5
DA:48,5
DA:49,5
DA:51,5
DA:52,5
DA:53,5
DA:54,3
DA:57,5
DA:60,4
DA:61,9
DA:62,9
DA:63,9
DA:65,9
DA:66,1
DA:67,1
DA:71,8
DA:72,8
DA:74,8
DA:75,30
DA:76,30
DA:77,30
DA:79,30
DA:80,17
DA:83,13
DA:84,13
DA:88,8
DA:89,8
DA:90,8
DA:93,8
DA:94,3
DA:95,3
DA:96,1
DA:97,2
DA:98,1
DA:100,3
DA:101,3
DA:105,5
DA:106,5
DA:107,7
DA:108,7
DA:109,7
DA:110,7
DA:113,7
DA:114,6
DA:116,1
DA:117,1
DA:121,5
DA:123,5
DA:124,5
DA:126,5
DA:127,1
DA:130,5
DA:134,4
DA:136,11
DA:137,11
DA:139,11
DA:140,1
DA:141,1
DA:144,10
DA:145,10
DA:147,10
DA:149,10
DA:150,3
DA:152,3
DA:158,2
DA:160,3
DA:161,3
DA:164,7
DA:165,7
DA:166,10
DA:167,10
DA:169,10
DA:170,10
DA:171,10
DA:172,10
DA:174,10
DA:175,1
DA:178,9
DA:180,8
DA:183,1
DA:184,1
DA:188,7
DA:190,7
DA:194,2
DA:197,7
DA:198,7
DA:200,7
DA:203,4
DA:205,6
DA:206,8
DA:207,3
DA:209,6
DA:211,6
DA:212,1
DA:213,5
DA:214,1
DA:215,4
DA:216,1
DA:219,6
DA:220,6
DA:222,6
DA:223,6
DA:226,4
LF:130
LH:130
BRDA:6,0,0,1
BRDA:6,0,1,8
BRDA:19,1,0,3
BRDA:19,1,1,5
BRDA:21,2,0,2
BRDA:21,2,1,1
BRDA:21,3,0,3
BRDA:21,3,1,2
BRDA:36,4,0,4
BRDA:36,4,1,2
BRDA:53,5,0,3
BRDA:53,5,1,2
BRDA:53,6,0,5
BRDA:53,6,1,3
BRDA:65,7,0,1
BRDA:65,7,1,8
BRDA:79,8,0,17
BRDA:79,8,1,13
BRDA:93,9,0,3
BRDA:93,9,1,5
BRDA:95,10,0,1
BRDA:95,10,1,2
BRDA:97,11,0,1
BRDA:97,11,1,1
BRDA:113,12,0,6
BRDA:113,12,1,1
BRDA:126,13,0,1
BRDA:126,13,1,4
BRDA:126,14,0,5
BRDA:126,14,1,1
BRDA:139,15,0,1
BRDA:139,15,1,10
BRDA:149,16,0,3
BRDA:149,16,1,7
BRDA:152,17,0,2
BRDA:152,17,1,1
BRDA:152,18,0,3
BRDA:152,18,1,3
BRDA:152,18,2,2
BRDA:152,18,3,2
BRDA:152,18,4,1
BRDA:152,18,5,0
BRDA:152,18,6,0
BRDA:174,19,0,1
BRDA:174,19,1,9
BRDA:174,20,0,10
BRDA:174,20,1,9
BRDA:178,21,0,8
BRDA:178,21,1,1
BRDA:178,22,0,9
BRDA:178,22,1,8
BRDA:178,22,2,2
BRDA:178,22,3,1
BRDA:178,22,4,1
BRDA:190,23,0,2
BRDA:190,23,1,5
BRDA:190,24,0,7
BRDA:190,24,1,5
BRDA:190,24,2,2
BRDA:190,25,0,7
BRDA:190,25,1,6
BRDA:191,26,0,5
BRDA:191,26,1,4
BRDA:192,27,0,2
BRDA:192,27,1,1
BRDA:192,27,2,1
BRDA:211,28,0,1
BRDA:211,28,1,5
BRDA:213,29,0,1
BRDA:213,29,1,4
BRDA:215,30,0,1
BRDA:215,30,1,3
BRF:72
BRH:70
end_of_record
